0 info it worked if it ends with ok
1 verbose cli [ 'C:\\Program Files\\nodejs\\\\node.exe',
1 verbose cli   'C:\\Program Files\\nodejs\\node_modules\\npm\\bin\\npm-cli.js',
1 verbose cli   'install',
1 verbose cli   'gulp-gae',
1 verbose cli   '--save-dev' ]
2 info using npm@1.4.28
3 info using node@v0.10.34
4 verbose node symlink C:\Program Files\nodejs\\node.exe
5 warn package.json gulp-minify-css@1.2.4 No repository field.
6 verbose readDependencies using package.json deps
7 verbose cache add [ 'gulp-gae', null ]
8 verbose cache add name=undefined spec="gulp-gae" args=["gulp-gae",null]
9 verbose parsed url { protocol: null,
9 verbose parsed url   slashes: null,
9 verbose parsed url   auth: null,
9 verbose parsed url   host: null,
9 verbose parsed url   port: null,
9 verbose parsed url   hostname: null,
9 verbose parsed url   hash: null,
9 verbose parsed url   search: null,
9 verbose parsed url   query: null,
9 verbose parsed url   pathname: 'gulp-gae',
9 verbose parsed url   path: 'gulp-gae',
9 verbose parsed url   href: 'gulp-gae' }
10 silly lockFile 797736b0-gulp-gae gulp-gae
11 verbose lock gulp-gae C:\Users\jepz2_000\AppData\Roaming\npm-cache\797736b0-gulp-gae.lock
12 silly lockFile 797736b0-gulp-gae gulp-gae
13 silly lockFile 797736b0-gulp-gae gulp-gae
14 verbose addNamed [ 'gulp-gae', '' ]
15 verbose addNamed [ null, '*' ]
16 silly lockFile f8c9ff76-gulp-gae gulp-gae@
17 verbose lock gulp-gae@ C:\Users\jepz2_000\AppData\Roaming\npm-cache\f8c9ff76-gulp-gae.lock
18 silly addNameRange { name: 'gulp-gae', range: '*', hasData: false }
19 verbose request where is /gulp-gae
20 verbose request registry https://registry.npmjs.org/
21 verbose request id 004d304d3cc941e1
22 verbose url raw /gulp-gae
23 verbose url resolving [ 'https://registry.npmjs.org/', './gulp-gae' ]
24 verbose url resolved https://registry.npmjs.org/gulp-gae
25 verbose request where is https://registry.npmjs.org/gulp-gae
26 info trying registry request attempt 1 at 22:38:43
27 verbose etag "2EWHIF36SMYBYR871UP3IU7YZ"
28 http GET https://registry.npmjs.org/gulp-gae
29 http 304 https://registry.npmjs.org/gulp-gae
30 silly registry.get cb [ 304,
30 silly registry.get   { date: 'Mon, 04 Apr 2016 04:38:46 GMT',
30 silly registry.get     via: '1.1 varnish',
30 silly registry.get     'cache-control': 'max-age=300',
30 silly registry.get     etag: '"2EWHIF36SMYBYR871UP3IU7YZ"',
30 silly registry.get     age: '0',
30 silly registry.get     connection: 'keep-alive',
30 silly registry.get     'x-served-by': 'cache-jfk1044-JFK',
30 silly registry.get     'x-cache': 'MISS',
30 silly registry.get     'x-cache-hits': '0',
30 silly registry.get     'x-timer': 'S1459744726.167374,VS0,VE20',
30 silly registry.get     vary: 'Accept' } ]
31 verbose etag https://registry.npmjs.org/gulp-gae from cache
32 silly addNameRange number 2 { name: 'gulp-gae', range: '*', hasData: true }
33 silly addNameRange versions [ 'gulp-gae', [ '0.0.1', '0.0.2', '0.0.3', '0.0.4' ] ]
34 verbose addNamed [ 'gulp-gae', '0.0.4' ]
35 verbose addNamed [ '0.0.4', '0.0.4' ]
36 silly lockFile b8b9d977-gulp-gae-0-0-4 gulp-gae@0.0.4
37 verbose lock gulp-gae@0.0.4 C:\Users\jepz2_000\AppData\Roaming\npm-cache\b8b9d977-gulp-gae-0-0-4.lock
38 silly lockFile b8b9d977-gulp-gae-0-0-4 gulp-gae@0.0.4
39 silly lockFile b8b9d977-gulp-gae-0-0-4 gulp-gae@0.0.4
40 silly lockFile f8c9ff76-gulp-gae gulp-gae@
41 silly lockFile f8c9ff76-gulp-gae gulp-gae@
42 silly resolved [ { name: 'gulp-gae',
42 silly resolved     version: '0.0.4',
42 silly resolved     description: 'Gulp Google App Engine Plugin',
42 silly resolved     main: 'index.js',
42 silly resolved     scripts: { test: 'echo "Error: no test specified" && exit 1' },
42 silly resolved     repository:
42 silly resolved      { type: 'git',
42 silly resolved        url: 'git+https://github.com/maciejzasada/gulp-gae.git' },
42 silly resolved     keywords: [ 'gulp', 'gae', 'google', 'app', 'engine', 'appengine' ],
42 silly resolved     author: { name: 'Maciej Zasada', email: 'hello@maciejzasada.com' },
42 silly resolved     license: 'MIT',
42 silly resolved     bugs: { url: 'https://github.com/maciejzasada/gulp-gae/issues' },
42 silly resolved     homepage: 'https://github.com/maciejzasada/gulp-gae#readme',
42 silly resolved     devDependencies: { gulp: '^3.9.0' },
42 silly resolved     dependencies: { 'gulp-util': '^3.0.6', through2: '^2.0.0' },
42 silly resolved     gitHead: '33ea3f900b672e5af347be42c632f55a4a8d9a52',
42 silly resolved     _id: 'gulp-gae@0.0.4',
42 silly resolved     _shasum: '5633044468275cd4b3b8b171527c7f502bcc0391',
42 silly resolved     _from: 'gulp-gae@',
42 silly resolved     _npmVersion: '2.10.1',
42 silly resolved     _nodeVersion: '0.12.4',
42 silly resolved     _npmUser: { name: 'maciejzasada', email: 'hello@maciejzasada.com' },
42 silly resolved     dist:
42 silly resolved      { shasum: '5633044468275cd4b3b8b171527c7f502bcc0391',
42 silly resolved        tarball: 'https://registry.npmjs.org/gulp-gae/-/gulp-gae-0.0.4.tgz' },
42 silly resolved     maintainers: [ [Object] ],
42 silly resolved     directories: {},
42 silly resolved     _resolved: 'https://registry.npmjs.org/gulp-gae/-/gulp-gae-0.0.4.tgz',
42 silly resolved     readme: 'ERROR: No README data found!' } ]
43 info install gulp-gae@0.0.4 into C:\Users\jepz2_000\Documents\Udacity\MeetUpPlanner
44 info installOne gulp-gae@0.0.4
45 verbose node_modules\gulp-gae unbuild
46 info preuninstall gulp-gae@0.0.4
47 info uninstall gulp-gae@0.0.4
48 verbose true,C:\Users\jepz2_000\Documents\Udacity\MeetUpPlanner\node_modules,C:\Users\jepz2_000\Documents\Udacity\MeetUpPlanner\node_modules unbuild gulp-gae@0.0.4
49 info postuninstall gulp-gae@0.0.4
50 verbose tar unpack C:\Users\jepz2_000\AppData\Roaming\npm-cache\gulp-gae\0.0.4\package.tgz
51 silly lockFile 44649351-tUpPlanner-node-modules-gulp-gae tar://C:\Users\jepz2_000\Documents\Udacity\MeetUpPlanner\node_modules\gulp-gae
52 verbose lock tar://C:\Users\jepz2_000\Documents\Udacity\MeetUpPlanner\node_modules\gulp-gae C:\Users\jepz2_000\AppData\Roaming\npm-cache\44649351-tUpPlanner-node-modules-gulp-gae.lock
53 silly lockFile 8a839aad-cache-gulp-gae-0-0-4-package-tgz tar://C:\Users\jepz2_000\AppData\Roaming\npm-cache\gulp-gae\0.0.4\package.tgz
54 verbose lock tar://C:\Users\jepz2_000\AppData\Roaming\npm-cache\gulp-gae\0.0.4\package.tgz C:\Users\jepz2_000\AppData\Roaming\npm-cache\8a839aad-cache-gulp-gae-0-0-4-package-tgz.lock
55 silly gunzTarPerm modes [ '777', '666' ]
56 silly gunzTarPerm extractEntry package.json
57 silly gunzTarPerm modified mode [ 'package.json', 420, 438 ]
58 silly gunzTarPerm extractEntry .npmignore
59 silly gunzTarPerm modified mode [ '.npmignore', 420, 438 ]
60 silly gunzTarPerm extractEntry README.md
61 silly gunzTarPerm modified mode [ 'README.md', 420, 438 ]
62 silly gunzTarPerm extractEntry LICENSE
63 silly gunzTarPerm modified mode [ 'LICENSE', 420, 438 ]
64 silly gunzTarPerm extractEntry index.js
65 silly gunzTarPerm modified mode [ 'index.js', 420, 438 ]
66 silly gunzTarPerm extractEntry test/gulpfile.js
67 silly gunzTarPerm modified mode [ 'test/gulpfile.js', 420, 438 ]
68 silly gunzTarPerm extractEntry test/app/app.yaml
69 silly gunzTarPerm modified mode [ 'test/app/app.yaml', 420, 438 ]
70 silly gunzTarPerm extractEntry test/app/favicon.ico
71 silly gunzTarPerm modified mode [ 'test/app/favicon.ico', 420, 438 ]
72 silly gunzTarPerm extractEntry test/app/index.yaml
73 silly gunzTarPerm modified mode [ 'test/app/index.yaml', 420, 438 ]
74 silly gunzTarPerm extractEntry test/app/main.py
75 silly gunzTarPerm modified mode [ 'test/app/main.py', 420, 438 ]
76 silly lockFile 44649351-tUpPlanner-node-modules-gulp-gae tar://C:\Users\jepz2_000\Documents\Udacity\MeetUpPlanner\node_modules\gulp-gae
77 silly lockFile 44649351-tUpPlanner-node-modules-gulp-gae tar://C:\Users\jepz2_000\Documents\Udacity\MeetUpPlanner\node_modules\gulp-gae
78 silly lockFile 8a839aad-cache-gulp-gae-0-0-4-package-tgz tar://C:\Users\jepz2_000\AppData\Roaming\npm-cache\gulp-gae\0.0.4\package.tgz
79 silly lockFile 8a839aad-cache-gulp-gae-0-0-4-package-tgz tar://C:\Users\jepz2_000\AppData\Roaming\npm-cache\gulp-gae\0.0.4\package.tgz
80 info preinstall gulp-gae@0.0.4
81 verbose readDependencies using package.json deps
82 verbose readDependencies using package.json deps
83 verbose cache add [ 'through2@^2.0.0', null ]
84 verbose cache add name=undefined spec="through2@^2.0.0" args=["through2@^2.0.0",null]
85 verbose parsed url { protocol: null,
85 verbose parsed url   slashes: null,
85 verbose parsed url   auth: null,
85 verbose parsed url   host: null,
85 verbose parsed url   port: null,
85 verbose parsed url   hostname: null,
85 verbose parsed url   hash: null,
85 verbose parsed url   search: null,
85 verbose parsed url   query: null,
85 verbose parsed url   pathname: 'through2@^2.0.0',
85 verbose parsed url   path: 'through2@^2.0.0',
85 verbose parsed url   href: 'through2@^2.0.0' }
86 verbose cache add name="through2" spec="^2.0.0" args=["through2","^2.0.0"]
87 verbose parsed url { protocol: null,
87 verbose parsed url   slashes: null,
87 verbose parsed url   auth: null,
87 verbose parsed url   host: null,
87 verbose parsed url   port: null,
87 verbose parsed url   hostname: null,
87 verbose parsed url   hash: null,
87 verbose parsed url   search: null,
87 verbose parsed url   query: null,
87 verbose parsed url   pathname: '^2.0.0',
87 verbose parsed url   path: '^2.0.0',
87 verbose parsed url   href: '^2.0.0' }
88 verbose addNamed [ 'through2', '^2.0.0' ]
89 verbose addNamed [ null, '>=2.0.0-0 <3.0.0-0' ]
90 silly lockFile 06b895c8-through2-2-0-0 through2@^2.0.0
91 verbose lock through2@^2.0.0 C:\Users\jepz2_000\AppData\Roaming\npm-cache\06b895c8-through2-2-0-0.lock
92 silly addNameRange { name: 'through2', range: '>=2.0.0-0 <3.0.0-0', hasData: false }
93 verbose request where is /through2
94 verbose request registry https://registry.npmjs.org/
95 verbose url raw /through2
96 verbose url resolving [ 'https://registry.npmjs.org/', './through2' ]
97 verbose url resolved https://registry.npmjs.org/through2
98 verbose request where is https://registry.npmjs.org/through2
99 info trying registry request attempt 1 at 22:38:44
100 verbose etag "3ULPIJQ0GGE1B76VOCUAZ35JG"
101 http GET https://registry.npmjs.org/through2
102 http 304 https://registry.npmjs.org/through2
103 silly registry.get cb [ 304,
103 silly registry.get   { date: 'Mon, 04 Apr 2016 04:38:47 GMT',
103 silly registry.get     via: '1.1 varnish',
103 silly registry.get     'cache-control': 'max-age=300',
103 silly registry.get     etag: '"3ULPIJQ0GGE1B76VOCUAZ35JG"',
103 silly registry.get     age: '253',
103 silly registry.get     connection: 'keep-alive',
103 silly registry.get     'x-served-by': 'cache-jfk1029-JFK',
103 silly registry.get     'x-cache': 'HIT',
103 silly registry.get     'x-cache-hits': '858',
103 silly registry.get     'x-timer': 'S1459744727.019122,VS0,VE0',
103 silly registry.get     vary: 'Accept' } ]
104 verbose etag https://registry.npmjs.org/through2 from cache
105 silly addNameRange number 2 { name: 'through2', range: '>=2.0.0-0 <3.0.0-0', hasData: true }
106 silly addNameRange versions [ 'through2',
106 silly addNameRange   [ '0.0.0',
106 silly addNameRange     '0.0.1',
106 silly addNameRange     '0.0.2',
106 silly addNameRange     '0.0.3',
106 silly addNameRange     '0.0.4',
106 silly addNameRange     '0.0.5',
106 silly addNameRange     '0.1.0',
106 silly addNameRange     '0.2.0',
106 silly addNameRange     '0.2.1',
106 silly addNameRange     '0.2.2',
106 silly addNameRange     '0.2.3',
106 silly addNameRange     '0.3.0',
106 silly addNameRange     '0.4.0',
106 silly addNameRange     '0.4.1',
106 silly addNameRange     '1.0.0',
106 silly addNameRange     '0.4.2',
106 silly addNameRange     '0.5.0',
106 silly addNameRange     '0.5.1',
106 silly addNameRange     '0.6.0',
106 silly addNameRange     '1.1.0',
106 silly addNameRange     '0.6.1',
106 silly addNameRange     '1.1.1',
106 silly addNameRange     '0.6.2',
106 silly addNameRange     '0.6.3',
106 silly addNameRange     '0.6.4',
106 silly addNameRange     '0.6.5',
106 silly addNameRange     '2.0.0',
106 silly addNameRange     '2.0.1' ] ]
107 verbose addNamed [ 'through2', '2.0.1' ]
108 verbose addNamed [ '2.0.1', '2.0.1' ]
109 silly lockFile eb939be0-through2-2-0-1 through2@2.0.1
110 verbose lock through2@2.0.1 C:\Users\jepz2_000\AppData\Roaming\npm-cache\eb939be0-through2-2-0-1.lock
111 silly lockFile eb939be0-through2-2-0-1 through2@2.0.1
112 silly lockFile eb939be0-through2-2-0-1 through2@2.0.1
113 silly lockFile 06b895c8-through2-2-0-0 through2@^2.0.0
114 silly lockFile 06b895c8-through2-2-0-0 through2@^2.0.0
115 silly resolved [ { name: 'through2',
115 silly resolved     version: '2.0.1',
115 silly resolved     description: 'A tiny wrapper around Node streams2 Transform to avoid explicit subclassing noise',
115 silly resolved     main: 'through2.js',
115 silly resolved     scripts:
115 silly resolved      { test: 'node test/test.js | faucet',
115 silly resolved        'test-local': 'brtapsauce-local test/basic-test.js' },
115 silly resolved     repository:
115 silly resolved      { type: 'git',
115 silly resolved        url: 'git+https://github.com/rvagg/through2.git' },
115 silly resolved     keywords: [ 'stream', 'streams2', 'through', 'transform' ],
115 silly resolved     author:
115 silly resolved      { name: 'Rod Vagg',
115 silly resolved        email: 'r@va.gg',
115 silly resolved        url: 'https://github.com/rvagg' },
115 silly resolved     license: 'MIT',
115 silly resolved     dependencies: { 'readable-stream': '~2.0.0', xtend: '~4.0.0' },
115 silly resolved     devDependencies:
115 silly resolved      { bl: '~0.9.4',
115 silly resolved        faucet: '0.0.1',
115 silly resolved        'stream-spigot': '~3.0.5',
115 silly resolved        tape: '~4.0.0' },
115 silly resolved     gitHead: '6d52a1b77db13a741f2708cd5854a198e4ae3072',
115 silly resolved     bugs: { url: 'https://github.com/rvagg/through2/issues' },
115 silly resolved     homepage: 'https://github.com/rvagg/through2#readme',
115 silly resolved     _id: 'through2@2.0.1',
115 silly resolved     _shasum: '384e75314d49f32de12eebb8136b8eb6b5d59da9',
115 silly resolved     _from: 'through2@^2.0.0',
115 silly resolved     _npmVersion: '3.6.0',
115 silly resolved     _nodeVersion: '5.5.0',
115 silly resolved     _npmUser: { name: 'rvagg', email: 'rod@vagg.org' },
115 silly resolved     maintainers: [ [Object], [Object] ],
115 silly resolved     dist:
115 silly resolved      { shasum: '384e75314d49f32de12eebb8136b8eb6b5d59da9',
115 silly resolved        tarball: 'http://registry.npmjs.org/through2/-/through2-2.0.1.tgz' },
115 silly resolved     _npmOperationalInternal:
115 silly resolved      { host: 'packages-6-west.internal.npmjs.com',
115 silly resolved        tmp: 'tmp/through2-2.0.1.tgz_1454928418348_0.7339043114334345' },
115 silly resolved     directories: {},
115 silly resolved     _resolved: 'https://registry.npmjs.org/through2/-/through2-2.0.1.tgz',
115 silly resolved     readme: 'ERROR: No README data found!' } ]
116 info install through2@2.0.1 into C:\Users\jepz2_000\Documents\Udacity\MeetUpPlanner\node_modules\gulp-gae
117 info installOne through2@2.0.1
118 verbose node_modules\gulp-gae\node_modules\through2 unbuild
119 verbose tar unpack C:\Users\jepz2_000\AppData\Roaming\npm-cache\through2\2.0.1\package.tgz
120 silly lockFile a92ace3c-s-gulp-gae-node-modules-through2 tar://C:\Users\jepz2_000\Documents\Udacity\MeetUpPlanner\node_modules\gulp-gae\node_modules\through2
121 verbose lock tar://C:\Users\jepz2_000\Documents\Udacity\MeetUpPlanner\node_modules\gulp-gae\node_modules\through2 C:\Users\jepz2_000\AppData\Roaming\npm-cache\a92ace3c-s-gulp-gae-node-modules-through2.lock
122 silly lockFile f3f9c6bf-cache-through2-2-0-1-package-tgz tar://C:\Users\jepz2_000\AppData\Roaming\npm-cache\through2\2.0.1\package.tgz
123 verbose lock tar://C:\Users\jepz2_000\AppData\Roaming\npm-cache\through2\2.0.1\package.tgz C:\Users\jepz2_000\AppData\Roaming\npm-cache\f3f9c6bf-cache-through2-2-0-1-package-tgz.lock
124 silly gunzTarPerm modes [ '777', '666' ]
125 silly gunzTarPerm extractEntry package.json
126 silly gunzTarPerm modified mode [ 'package.json', 420, 438 ]
127 silly gunzTarPerm extractEntry .npmignore
128 silly gunzTarPerm modified mode [ '.npmignore', 420, 438 ]
129 silly gunzTarPerm extractEntry README.md
130 silly gunzTarPerm modified mode [ 'README.md', 420, 438 ]
131 silly gunzTarPerm extractEntry LICENSE
132 silly gunzTarPerm modified mode [ 'LICENSE', 420, 438 ]
133 silly gunzTarPerm extractEntry through2.js
134 silly gunzTarPerm modified mode [ 'through2.js', 420, 438 ]
135 silly lockFile a92ace3c-s-gulp-gae-node-modules-through2 tar://C:\Users\jepz2_000\Documents\Udacity\MeetUpPlanner\node_modules\gulp-gae\node_modules\through2
136 silly lockFile a92ace3c-s-gulp-gae-node-modules-through2 tar://C:\Users\jepz2_000\Documents\Udacity\MeetUpPlanner\node_modules\gulp-gae\node_modules\through2
137 silly lockFile f3f9c6bf-cache-through2-2-0-1-package-tgz tar://C:\Users\jepz2_000\AppData\Roaming\npm-cache\through2\2.0.1\package.tgz
138 silly lockFile f3f9c6bf-cache-through2-2-0-1-package-tgz tar://C:\Users\jepz2_000\AppData\Roaming\npm-cache\through2\2.0.1\package.tgz
139 info preinstall through2@2.0.1
140 verbose readDependencies using package.json deps
141 verbose readDependencies using package.json deps
142 verbose cache add [ 'readable-stream@~2.0.0', null ]
143 verbose cache add name=undefined spec="readable-stream@~2.0.0" args=["readable-stream@~2.0.0",null]
144 verbose parsed url { protocol: null,
144 verbose parsed url   slashes: null,
144 verbose parsed url   auth: null,
144 verbose parsed url   host: null,
144 verbose parsed url   port: null,
144 verbose parsed url   hostname: null,
144 verbose parsed url   hash: null,
144 verbose parsed url   search: null,
144 verbose parsed url   query: null,
144 verbose parsed url   pathname: 'readable-stream@~2.0.0',
144 verbose parsed url   path: 'readable-stream@~2.0.0',
144 verbose parsed url   href: 'readable-stream@~2.0.0' }
145 verbose cache add [ 'xtend@~4.0.0', null ]
146 verbose cache add name=undefined spec="xtend@~4.0.0" args=["xtend@~4.0.0",null]
147 verbose parsed url { protocol: null,
147 verbose parsed url   slashes: null,
147 verbose parsed url   auth: null,
147 verbose parsed url   host: null,
147 verbose parsed url   port: null,
147 verbose parsed url   hostname: null,
147 verbose parsed url   hash: null,
147 verbose parsed url   search: null,
147 verbose parsed url   query: null,
147 verbose parsed url   pathname: 'xtend@~4.0.0',
147 verbose parsed url   path: 'xtend@~4.0.0',
147 verbose parsed url   href: 'xtend@~4.0.0' }
148 verbose cache add name="readable-stream" spec="~2.0.0" args=["readable-stream","~2.0.0"]
149 verbose parsed url { protocol: null,
149 verbose parsed url   slashes: null,
149 verbose parsed url   auth: null,
149 verbose parsed url   host: null,
149 verbose parsed url   port: null,
149 verbose parsed url   hostname: null,
149 verbose parsed url   hash: null,
149 verbose parsed url   search: null,
149 verbose parsed url   query: null,
149 verbose parsed url   pathname: '~2.0.0',
149 verbose parsed url   path: '~2.0.0',
149 verbose parsed url   href: '~2.0.0' }
150 verbose addNamed [ 'readable-stream', '~2.0.0' ]
151 verbose addNamed [ null, '>=2.0.0-0 <2.1.0-0' ]
152 silly lockFile 9a56f82a-readable-stream-2-0-0 readable-stream@~2.0.0
153 verbose lock readable-stream@~2.0.0 C:\Users\jepz2_000\AppData\Roaming\npm-cache\9a56f82a-readable-stream-2-0-0.lock
154 verbose cache add name="xtend" spec="~4.0.0" args=["xtend","~4.0.0"]
155 verbose parsed url { protocol: null,
155 verbose parsed url   slashes: null,
155 verbose parsed url   auth: null,
155 verbose parsed url   host: null,
155 verbose parsed url   port: null,
155 verbose parsed url   hostname: null,
155 verbose parsed url   hash: null,
155 verbose parsed url   search: null,
155 verbose parsed url   query: null,
155 verbose parsed url   pathname: '~4.0.0',
155 verbose parsed url   path: '~4.0.0',
155 verbose parsed url   href: '~4.0.0' }
156 verbose addNamed [ 'xtend', '~4.0.0' ]
157 verbose addNamed [ null, '>=4.0.0-0 <4.1.0-0' ]
158 silly lockFile 252bdd84-xtend-4-0-0 xtend@~4.0.0
159 verbose lock xtend@~4.0.0 C:\Users\jepz2_000\AppData\Roaming\npm-cache\252bdd84-xtend-4-0-0.lock
160 silly addNameRange { name: 'readable-stream',
160 silly addNameRange   range: '>=2.0.0-0 <2.1.0-0',
160 silly addNameRange   hasData: false }
161 silly addNameRange { name: 'xtend', range: '>=4.0.0-0 <4.1.0-0', hasData: false }
162 verbose request where is /readable-stream
163 verbose request registry https://registry.npmjs.org/
164 verbose url raw /readable-stream
165 verbose url resolving [ 'https://registry.npmjs.org/', './readable-stream' ]
166 verbose url resolved https://registry.npmjs.org/readable-stream
167 verbose request where is https://registry.npmjs.org/readable-stream
168 info trying registry request attempt 1 at 22:38:45
169 verbose etag "9AS4119UHTA2GAYDTBQMALM4L"
170 http GET https://registry.npmjs.org/readable-stream
171 verbose request where is /xtend
172 verbose request registry https://registry.npmjs.org/
173 verbose url raw /xtend
174 verbose url resolving [ 'https://registry.npmjs.org/', './xtend' ]
175 verbose url resolved https://registry.npmjs.org/xtend
176 verbose request where is https://registry.npmjs.org/xtend
177 info trying registry request attempt 1 at 22:38:45
178 verbose etag "4O71ZSW7GI25INWNGHEBIR7QV"
179 http GET https://registry.npmjs.org/xtend
180 http 304 https://registry.npmjs.org/readable-stream
181 silly registry.get cb [ 304,
181 silly registry.get   { date: 'Mon, 04 Apr 2016 04:38:47 GMT',
181 silly registry.get     via: '1.1 varnish',
181 silly registry.get     'cache-control': 'max-age=300',
181 silly registry.get     etag: '"9AS4119UHTA2GAYDTBQMALM4L"',
181 silly registry.get     age: '59',
181 silly registry.get     connection: 'keep-alive',
181 silly registry.get     'x-served-by': 'cache-jfk1025-JFK',
181 silly registry.get     'x-cache': 'HIT',
181 silly registry.get     'x-cache-hits': '3',
181 silly registry.get     'x-timer': 'S1459744727.911354,VS0,VE0',
181 silly registry.get     vary: 'Accept' } ]
182 verbose etag https://registry.npmjs.org/readable-stream from cache
183 http 304 https://registry.npmjs.org/xtend
184 silly registry.get cb [ 304,
184 silly registry.get   { date: 'Mon, 04 Apr 2016 04:38:47 GMT',
184 silly registry.get     via: '1.1 varnish',
184 silly registry.get     'cache-control': 'max-age=300',
184 silly registry.get     etag: '"4O71ZSW7GI25INWNGHEBIR7QV"',
184 silly registry.get     age: '16',
184 silly registry.get     connection: 'keep-alive',
184 silly registry.get     'x-served-by': 'cache-jfk1022-JFK',
184 silly registry.get     'x-cache': 'HIT',
184 silly registry.get     'x-cache-hits': '1',
184 silly registry.get     'x-timer': 'S1459744727.914456,VS0,VE0',
184 silly registry.get     vary: 'Accept' } ]
185 verbose etag https://registry.npmjs.org/xtend from cache
186 silly addNameRange number 2 { name: 'readable-stream',
186 silly addNameRange   range: '>=2.0.0-0 <2.1.0-0',
186 silly addNameRange   hasData: true }
187 silly addNameRange versions [ 'readable-stream',
187 silly addNameRange   [ '0.0.1',
187 silly addNameRange     '0.0.2',
187 silly addNameRange     '0.0.3',
187 silly addNameRange     '0.0.4',
187 silly addNameRange     '0.1.0',
187 silly addNameRange     '0.2.0',
187 silly addNameRange     '0.3.0',
187 silly addNameRange     '0.3.1',
187 silly addNameRange     '1.0.0',
187 silly addNameRange     '1.0.1',
187 silly addNameRange     '1.0.2',
187 silly addNameRange     '1.0.15',
187 silly addNameRange     '1.0.17',
187 silly addNameRange     '1.1.7',
187 silly addNameRange     '1.1.8',
187 silly addNameRange     '1.1.9',
187 silly addNameRange     '1.0.24',
187 silly addNameRange     '1.0.25',
187 silly addNameRange     '1.1.10',
187 silly addNameRange     '1.0.25-1',
187 silly addNameRange     '1.1.11',
187 silly addNameRange     '1.0.26',
187 silly addNameRange     '1.0.26-1',
187 silly addNameRange     '1.1.11-1',
187 silly addNameRange     '1.0.26-2',
187 silly addNameRange     '1.1.12',
187 silly addNameRange     '1.0.26-3',
187 silly addNameRange     '1.0.26-4',
187 silly addNameRange     '1.1.12-1',
187 silly addNameRange     '1.0.27-1',
187 silly addNameRange     '1.1.13-1',
187 silly addNameRange     '1.0.31',
187 silly addNameRange     '1.1.13',
187 silly addNameRange     '1.0.32',
187 silly addNameRange     '1.0.32-1',
187 silly addNameRange     '1.0.33-1',
187 silly addNameRange     '1.0.33-2',
187 silly addNameRange     '1.0.33',
187 silly addNameRange     '2.0.0',
187 silly addNameRange     '2.0.1',
187 silly addNameRange     '2.0.2',
187 silly addNameRange     '2.0.3',
187 silly addNameRange     '2.0.4',
187 silly addNameRange     '2.0.5',
187 silly addNameRange     '2.0.6' ] ]
188 verbose addNamed [ 'readable-stream', '2.0.6' ]
189 verbose addNamed [ '2.0.6', '2.0.6' ]
190 silly lockFile 398b6e04-readable-stream-2-0-6 readable-stream@2.0.6
191 verbose lock readable-stream@2.0.6 C:\Users\jepz2_000\AppData\Roaming\npm-cache\398b6e04-readable-stream-2-0-6.lock
192 silly addNameRange number 2 { name: 'xtend', range: '>=4.0.0-0 <4.1.0-0', hasData: true }
193 silly addNameRange versions [ 'xtend',
193 silly addNameRange   [ '1.0.0',
193 silly addNameRange     '1.0.1',
193 silly addNameRange     '1.0.2',
193 silly addNameRange     '1.0.3',
193 silly addNameRange     '2.0.1',
193 silly addNameRange     '2.0.2',
193 silly addNameRange     '2.0.3',
193 silly addNameRange     '2.0.4',
193 silly addNameRange     '2.0.5',
193 silly addNameRange     '2.0.6',
193 silly addNameRange     '2.1.1',
193 silly addNameRange     '2.1.2',
193 silly addNameRange     '2.2.0',
193 silly addNameRange     '3.0.0',
193 silly addNameRange     '4.0.0',
193 silly addNameRange     '4.0.1' ] ]
194 verbose addNamed [ 'xtend', '4.0.1' ]
195 verbose addNamed [ '4.0.1', '4.0.1' ]
196 silly lockFile bb54db35-xtend-4-0-1 xtend@4.0.1
197 verbose lock xtend@4.0.1 C:\Users\jepz2_000\AppData\Roaming\npm-cache\bb54db35-xtend-4-0-1.lock
198 silly lockFile 398b6e04-readable-stream-2-0-6 readable-stream@2.0.6
199 silly lockFile 398b6e04-readable-stream-2-0-6 readable-stream@2.0.6
200 silly lockFile 9a56f82a-readable-stream-2-0-0 readable-stream@~2.0.0
201 silly lockFile 9a56f82a-readable-stream-2-0-0 readable-stream@~2.0.0
202 silly lockFile bb54db35-xtend-4-0-1 xtend@4.0.1
203 silly lockFile bb54db35-xtend-4-0-1 xtend@4.0.1
204 silly lockFile 252bdd84-xtend-4-0-0 xtend@~4.0.0
205 silly lockFile 252bdd84-xtend-4-0-0 xtend@~4.0.0
206 silly resolved [ { name: 'readable-stream',
206 silly resolved     version: '2.0.6',
206 silly resolved     description: 'Streams3, a user-land copy of the stream library from Node.js',
206 silly resolved     main: 'readable.js',
206 silly resolved     dependencies:
206 silly resolved      { 'core-util-is': '~1.0.0',
206 silly resolved        inherits: '~2.0.1',
206 silly resolved        isarray: '~1.0.0',
206 silly resolved        'process-nextick-args': '~1.0.6',
206 silly resolved        string_decoder: '~0.10.x',
206 silly resolved        'util-deprecate': '~1.0.1' },
206 silly resolved     devDependencies: { tap: '~0.2.6', tape: '~4.5.1', zuul: '~3.9.0' },
206 silly resolved     scripts:
206 silly resolved      { test: 'tap test/parallel/*.js test/ours/*.js',
206 silly resolved        browser: 'npm run write-zuul && zuul -- test/browser.js',
206 silly resolved        'write-zuul': 'printf "ui: tape\nbrowsers:\n  - name: $BROWSER_NAME\n    version: $BROWSER_VERSION\n">.zuul.yml' },
206 silly resolved     repository:
206 silly resolved      { type: 'git',
206 silly resolved        url: 'git://github.com/nodejs/readable-stream.git' },
206 silly resolved     keywords: [ 'readable', 'stream', 'pipe' ],
206 silly resolved     browser: { util: false },
206 silly resolved     license: 'MIT',
206 silly resolved     gitHead: '01fb5608a970b42c900b96746cadc13d27dd9d7e',
206 silly resolved     bugs: { url: 'https://github.com/nodejs/readable-stream/issues' },
206 silly resolved     homepage: 'https://github.com/nodejs/readable-stream#readme',
206 silly resolved     _id: 'readable-stream@2.0.6',
206 silly resolved     _shasum: '8f90341e68a53ccc928788dacfcd11b36eb9b78e',
206 silly resolved     _from: 'readable-stream@~2.0.0',
206 silly resolved     _npmVersion: '3.6.0',
206 silly resolved     _nodeVersion: '5.7.0',
206 silly resolved     _npmUser: { name: 'cwmma', email: 'calvin.metcalf@gmail.com' },
206 silly resolved     dist:
206 silly resolved      { shasum: '8f90341e68a53ccc928788dacfcd11b36eb9b78e',
206 silly resolved        tarball: 'http://registry.npmjs.org/readable-stream/-/readable-stream-2.0.6.tgz' },
206 silly resolved     maintainers: [ [Object], [Object], [Object], [Object] ],
206 silly resolved     _npmOperationalInternal:
206 silly resolved      { host: 'packages-12-west.internal.npmjs.com',
206 silly resolved        tmp: 'tmp/readable-stream-2.0.6.tgz_1457893507709_0.369257491780445' },
206 silly resolved     directories: {},
206 silly resolved     _resolved: 'https://registry.npmjs.org/readable-stream/-/readable-stream-2.0.6.tgz',
206 silly resolved     readme: 'ERROR: No README data found!' },
206 silly resolved   { name: 'xtend',
206 silly resolved     version: '4.0.1',
206 silly resolved     description: 'extend like a boss',
206 silly resolved     keywords: [ 'extend', 'merge', 'options', 'opts', 'object', 'array' ],
206 silly resolved     author: { name: 'Raynos', email: 'raynos2@gmail.com' },
206 silly resolved     repository: { type: 'git', url: 'git://github.com/Raynos/xtend.git' },
206 silly resolved     main: 'immutable',
206 silly resolved     scripts: { test: 'node test' },
206 silly resolved     dependencies: {},
206 silly resolved     devDependencies: { tape: '~1.1.0' },
206 silly resolved     homepage: 'https://github.com/Raynos/xtend',
206 silly resolved     contributors: [ [Object], [Object] ],
206 silly resolved     bugs:
206 silly resolved      { url: 'https://github.com/Raynos/xtend/issues',
206 silly resolved        email: 'raynos2@gmail.com' },
206 silly resolved     license: 'MIT',
206 silly resolved     testling: { files: 'test.js', browsers: [Object] },
206 silly resolved     engines: { node: '>=0.4' },
206 silly resolved     gitHead: '23dc302a89756da89c1897bc732a752317e35390',
206 silly resolved     _id: 'xtend@4.0.1',
206 silly resolved     _shasum: 'a5c6d532be656e23db820efb943a1f04998d63af',
206 silly resolved     _from: 'xtend@~4.0.0',
206 silly resolved     _npmVersion: '2.14.1',
206 silly resolved     _nodeVersion: '0.10.32',
206 silly resolved     _npmUser: { name: 'raynos', email: 'raynos2@gmail.com' },
206 silly resolved     dist:
206 silly resolved      { shasum: 'a5c6d532be656e23db820efb943a1f04998d63af',
206 silly resolved        tarball: 'http://registry.npmjs.org/xtend/-/xtend-4.0.1.tgz' },
206 silly resolved     maintainers: [ [Object] ],
206 silly resolved     directories: {},
206 silly resolved     _resolved: 'https://registry.npmjs.org/xtend/-/xtend-4.0.1.tgz',
206 silly resolved     readme: 'ERROR: No README data found!' } ]
207 info install readable-stream@2.0.6 into C:\Users\jepz2_000\Documents\Udacity\MeetUpPlanner\node_modules\gulp-gae\node_modules\through2
208 info install xtend@4.0.1 into C:\Users\jepz2_000\Documents\Udacity\MeetUpPlanner\node_modules\gulp-gae\node_modules\through2
209 info installOne readable-stream@2.0.6
210 info installOne xtend@4.0.1
211 verbose node_modules\gulp-gae\node_modules\through2\node_modules\readable-stream unbuild
212 verbose node_modules\gulp-gae\node_modules\through2\node_modules\xtend unbuild
213 verbose tar unpack C:\Users\jepz2_000\AppData\Roaming\npm-cache\readable-stream\2.0.6\package.tgz
214 silly lockFile c8695de7-gh2-node-modules-readable-stream tar://C:\Users\jepz2_000\Documents\Udacity\MeetUpPlanner\node_modules\gulp-gae\node_modules\through2\node_modules\readable-stream
215 verbose lock tar://C:\Users\jepz2_000\Documents\Udacity\MeetUpPlanner\node_modules\gulp-gae\node_modules\through2\node_modules\readable-stream C:\Users\jepz2_000\AppData\Roaming\npm-cache\c8695de7-gh2-node-modules-readable-stream.lock
216 silly lockFile 8a9122be-eadable-stream-2-0-6-package-tgz tar://C:\Users\jepz2_000\AppData\Roaming\npm-cache\readable-stream\2.0.6\package.tgz
217 verbose lock tar://C:\Users\jepz2_000\AppData\Roaming\npm-cache\readable-stream\2.0.6\package.tgz C:\Users\jepz2_000\AppData\Roaming\npm-cache\8a9122be-eadable-stream-2-0-6-package-tgz.lock
218 verbose tar unpack C:\Users\jepz2_000\AppData\Roaming\npm-cache\xtend\4.0.1\package.tgz
219 silly lockFile ad338f2e-ules-through2-node-modules-xtend tar://C:\Users\jepz2_000\Documents\Udacity\MeetUpPlanner\node_modules\gulp-gae\node_modules\through2\node_modules\xtend
220 verbose lock tar://C:\Users\jepz2_000\Documents\Udacity\MeetUpPlanner\node_modules\gulp-gae\node_modules\through2\node_modules\xtend C:\Users\jepz2_000\AppData\Roaming\npm-cache\ad338f2e-ules-through2-node-modules-xtend.lock
221 silly lockFile 68e4f9f1-pm-cache-xtend-4-0-1-package-tgz tar://C:\Users\jepz2_000\AppData\Roaming\npm-cache\xtend\4.0.1\package.tgz
222 verbose lock tar://C:\Users\jepz2_000\AppData\Roaming\npm-cache\xtend\4.0.1\package.tgz C:\Users\jepz2_000\AppData\Roaming\npm-cache\68e4f9f1-pm-cache-xtend-4-0-1-package-tgz.lock
223 silly gunzTarPerm modes [ '777', '666' ]
224 silly gunzTarPerm modes [ '777', '666' ]
225 silly gunzTarPerm extractEntry package.json
226 silly gunzTarPerm modified mode [ 'package.json', 420, 438 ]
227 silly gunzTarPerm extractEntry package.json
228 silly gunzTarPerm modified mode [ 'package.json', 436, 438 ]
229 silly gunzTarPerm extractEntry .npmignore
230 silly gunzTarPerm modified mode [ '.npmignore', 420, 438 ]
231 silly gunzTarPerm extractEntry README.md
232 silly gunzTarPerm modified mode [ 'README.md', 420, 438 ]
233 silly gunzTarPerm extractEntry .npmignore
234 silly gunzTarPerm modified mode [ '.npmignore', 436, 438 ]
235 silly gunzTarPerm extractEntry README.md
236 silly gunzTarPerm modified mode [ 'README.md', 436, 438 ]
237 silly gunzTarPerm extractEntry LICENSE
238 silly gunzTarPerm modified mode [ 'LICENSE', 420, 438 ]
239 silly gunzTarPerm extractEntry writable.js
240 silly gunzTarPerm modified mode [ 'writable.js', 420, 438 ]
241 silly gunzTarPerm extractEntry duplex.js
242 silly gunzTarPerm modified mode [ 'duplex.js', 420, 438 ]
243 silly gunzTarPerm extractEntry transform.js
244 silly gunzTarPerm modified mode [ 'transform.js', 420, 438 ]
245 silly gunzTarPerm extractEntry LICENCE
246 silly gunzTarPerm modified mode [ 'LICENCE', 436, 438 ]
247 silly gunzTarPerm extractEntry immutable.js
248 silly gunzTarPerm modified mode [ 'immutable.js', 436, 438 ]
249 silly gunzTarPerm extractEntry mutable.js
250 silly gunzTarPerm modified mode [ 'mutable.js', 436, 438 ]
251 silly gunzTarPerm extractEntry test.js
252 silly gunzTarPerm modified mode [ 'test.js', 436, 438 ]
253 silly gunzTarPerm extractEntry passthrough.js
254 silly gunzTarPerm modified mode [ 'passthrough.js', 420, 438 ]
255 silly gunzTarPerm extractEntry readable.js
256 silly gunzTarPerm modified mode [ 'readable.js', 420, 438 ]
257 silly gunzTarPerm extractEntry .jshintrc
258 silly gunzTarPerm modified mode [ '.jshintrc', 436, 438 ]
259 silly gunzTarPerm extractEntry Makefile
260 silly gunzTarPerm modified mode [ 'Makefile', 436, 438 ]
261 silly gunzTarPerm extractEntry lib/_stream_duplex.js
262 silly gunzTarPerm modified mode [ 'lib/_stream_duplex.js', 420, 438 ]
263 silly gunzTarPerm extractEntry lib/_stream_passthrough.js
264 silly gunzTarPerm modified mode [ 'lib/_stream_passthrough.js', 420, 438 ]
265 silly gunzTarPerm extractEntry lib/_stream_readable.js
266 silly gunzTarPerm modified mode [ 'lib/_stream_readable.js', 420, 438 ]
267 silly gunzTarPerm extractEntry lib/_stream_transform.js
268 silly gunzTarPerm modified mode [ 'lib/_stream_transform.js', 420, 438 ]
269 silly gunzTarPerm extractEntry lib/_stream_writable.js
270 silly gunzTarPerm modified mode [ 'lib/_stream_writable.js', 420, 438 ]
271 silly gunzTarPerm extractEntry .travis.yml
272 silly gunzTarPerm modified mode [ '.travis.yml', 420, 438 ]
273 silly gunzTarPerm extractEntry doc/stream.markdown
274 silly gunzTarPerm modified mode [ 'doc/stream.markdown', 420, 438 ]
275 silly gunzTarPerm extractEntry doc/wg-meetings/2015-01-30.md
276 silly gunzTarPerm modified mode [ 'doc/wg-meetings/2015-01-30.md', 420, 438 ]
277 silly gunzTarPerm extractEntry .zuul.yml
278 silly gunzTarPerm modified mode [ '.zuul.yml', 420, 438 ]
279 silly lockFile ad338f2e-ules-through2-node-modules-xtend tar://C:\Users\jepz2_000\Documents\Udacity\MeetUpPlanner\node_modules\gulp-gae\node_modules\through2\node_modules\xtend
280 silly lockFile ad338f2e-ules-through2-node-modules-xtend tar://C:\Users\jepz2_000\Documents\Udacity\MeetUpPlanner\node_modules\gulp-gae\node_modules\through2\node_modules\xtend
281 silly lockFile 68e4f9f1-pm-cache-xtend-4-0-1-package-tgz tar://C:\Users\jepz2_000\AppData\Roaming\npm-cache\xtend\4.0.1\package.tgz
282 silly lockFile 68e4f9f1-pm-cache-xtend-4-0-1-package-tgz tar://C:\Users\jepz2_000\AppData\Roaming\npm-cache\xtend\4.0.1\package.tgz
283 info preinstall xtend@4.0.1
284 verbose readDependencies using package.json deps
285 verbose readDependencies using package.json deps
286 silly resolved []
287 verbose about to build C:\Users\jepz2_000\Documents\Udacity\MeetUpPlanner\node_modules\gulp-gae\node_modules\through2\node_modules\xtend
288 info build C:\Users\jepz2_000\Documents\Udacity\MeetUpPlanner\node_modules\gulp-gae\node_modules\through2\node_modules\xtend
289 verbose linkStuff [ false,
289 verbose linkStuff   false,
289 verbose linkStuff   false,
289 verbose linkStuff   'C:\\Users\\jepz2_000\\Documents\\Udacity\\MeetUpPlanner\\node_modules\\gulp-gae\\node_modules\\through2\\node_modules' ]
290 info linkStuff xtend@4.0.1
291 verbose linkBins xtend@4.0.1
292 verbose linkMans xtend@4.0.1
293 verbose rebuildBundles xtend@4.0.1
294 info install xtend@4.0.1
295 info postinstall xtend@4.0.1
296 silly lockFile c8695de7-gh2-node-modules-readable-stream tar://C:\Users\jepz2_000\Documents\Udacity\MeetUpPlanner\node_modules\gulp-gae\node_modules\through2\node_modules\readable-stream
297 silly lockFile c8695de7-gh2-node-modules-readable-stream tar://C:\Users\jepz2_000\Documents\Udacity\MeetUpPlanner\node_modules\gulp-gae\node_modules\through2\node_modules\readable-stream
298 silly lockFile 8a9122be-eadable-stream-2-0-6-package-tgz tar://C:\Users\jepz2_000\AppData\Roaming\npm-cache\readable-stream\2.0.6\package.tgz
299 silly lockFile 8a9122be-eadable-stream-2-0-6-package-tgz tar://C:\Users\jepz2_000\AppData\Roaming\npm-cache\readable-stream\2.0.6\package.tgz
300 info preinstall readable-stream@2.0.6
301 verbose readDependencies using package.json deps
302 verbose readDependencies using package.json deps
303 verbose cache add [ 'core-util-is@~1.0.0', null ]
304 verbose cache add name=undefined spec="core-util-is@~1.0.0" args=["core-util-is@~1.0.0",null]
305 verbose parsed url { protocol: null,
305 verbose parsed url   slashes: null,
305 verbose parsed url   auth: null,
305 verbose parsed url   host: null,
305 verbose parsed url   port: null,
305 verbose parsed url   hostname: null,
305 verbose parsed url   hash: null,
305 verbose parsed url   search: null,
305 verbose parsed url   query: null,
305 verbose parsed url   pathname: 'core-util-is@~1.0.0',
305 verbose parsed url   path: 'core-util-is@~1.0.0',
305 verbose parsed url   href: 'core-util-is@~1.0.0' }
306 verbose cache add [ 'inherits@~2.0.1', null ]
307 verbose cache add name=undefined spec="inherits@~2.0.1" args=["inherits@~2.0.1",null]
308 verbose parsed url { protocol: null,
308 verbose parsed url   slashes: null,
308 verbose parsed url   auth: null,
308 verbose parsed url   host: null,
308 verbose parsed url   port: null,
308 verbose parsed url   hostname: null,
308 verbose parsed url   hash: null,
308 verbose parsed url   search: null,
308 verbose parsed url   query: null,
308 verbose parsed url   pathname: 'inherits@~2.0.1',
308 verbose parsed url   path: 'inherits@~2.0.1',
308 verbose parsed url   href: 'inherits@~2.0.1' }
309 verbose cache add [ 'isarray@~1.0.0', null ]
310 verbose cache add name=undefined spec="isarray@~1.0.0" args=["isarray@~1.0.0",null]
311 verbose parsed url { protocol: null,
311 verbose parsed url   slashes: null,
311 verbose parsed url   auth: null,
311 verbose parsed url   host: null,
311 verbose parsed url   port: null,
311 verbose parsed url   hostname: null,
311 verbose parsed url   hash: null,
311 verbose parsed url   search: null,
311 verbose parsed url   query: null,
311 verbose parsed url   pathname: 'isarray@~1.0.0',
311 verbose parsed url   path: 'isarray@~1.0.0',
311 verbose parsed url   href: 'isarray@~1.0.0' }
312 verbose cache add [ 'process-nextick-args@~1.0.6', null ]
313 verbose cache add name=undefined spec="process-nextick-args@~1.0.6" args=["process-nextick-args@~1.0.6",null]
314 verbose parsed url { protocol: null,
314 verbose parsed url   slashes: null,
314 verbose parsed url   auth: null,
314 verbose parsed url   host: null,
314 verbose parsed url   port: null,
314 verbose parsed url   hostname: null,
314 verbose parsed url   hash: null,
314 verbose parsed url   search: null,
314 verbose parsed url   query: null,
314 verbose parsed url   pathname: 'process-nextick-args@~1.0.6',
314 verbose parsed url   path: 'process-nextick-args@~1.0.6',
314 verbose parsed url   href: 'process-nextick-args@~1.0.6' }
315 verbose cache add [ 'string_decoder@~0.10.x', null ]
316 verbose cache add name=undefined spec="string_decoder@~0.10.x" args=["string_decoder@~0.10.x",null]
317 verbose parsed url { protocol: null,
317 verbose parsed url   slashes: null,
317 verbose parsed url   auth: null,
317 verbose parsed url   host: null,
317 verbose parsed url   port: null,
317 verbose parsed url   hostname: null,
317 verbose parsed url   hash: null,
317 verbose parsed url   search: null,
317 verbose parsed url   query: null,
317 verbose parsed url   pathname: 'string_decoder@~0.10.x',
317 verbose parsed url   path: 'string_decoder@~0.10.x',
317 verbose parsed url   href: 'string_decoder@~0.10.x' }
318 verbose cache add [ 'util-deprecate@~1.0.1', null ]
319 verbose cache add name=undefined spec="util-deprecate@~1.0.1" args=["util-deprecate@~1.0.1",null]
320 verbose parsed url { protocol: null,
320 verbose parsed url   slashes: null,
320 verbose parsed url   auth: null,
320 verbose parsed url   host: null,
320 verbose parsed url   port: null,
320 verbose parsed url   hostname: null,
320 verbose parsed url   hash: null,
320 verbose parsed url   search: null,
320 verbose parsed url   query: null,
320 verbose parsed url   pathname: 'util-deprecate@~1.0.1',
320 verbose parsed url   path: 'util-deprecate@~1.0.1',
320 verbose parsed url   href: 'util-deprecate@~1.0.1' }
321 verbose cache add name="core-util-is" spec="~1.0.0" args=["core-util-is","~1.0.0"]
322 verbose parsed url { protocol: null,
322 verbose parsed url   slashes: null,
322 verbose parsed url   auth: null,
322 verbose parsed url   host: null,
322 verbose parsed url   port: null,
322 verbose parsed url   hostname: null,
322 verbose parsed url   hash: null,
322 verbose parsed url   search: null,
322 verbose parsed url   query: null,
322 verbose parsed url   pathname: '~1.0.0',
322 verbose parsed url   path: '~1.0.0',
322 verbose parsed url   href: '~1.0.0' }
323 verbose addNamed [ 'core-util-is', '~1.0.0' ]
324 verbose addNamed [ null, '>=1.0.0-0 <1.1.0-0' ]
325 silly lockFile 577b60c4-core-util-is-1-0-0 core-util-is@~1.0.0
326 verbose lock core-util-is@~1.0.0 C:\Users\jepz2_000\AppData\Roaming\npm-cache\577b60c4-core-util-is-1-0-0.lock
327 verbose cache add name="inherits" spec="~2.0.1" args=["inherits","~2.0.1"]
328 verbose parsed url { protocol: null,
328 verbose parsed url   slashes: null,
328 verbose parsed url   auth: null,
328 verbose parsed url   host: null,
328 verbose parsed url   port: null,
328 verbose parsed url   hostname: null,
328 verbose parsed url   hash: null,
328 verbose parsed url   search: null,
328 verbose parsed url   query: null,
328 verbose parsed url   pathname: '~2.0.1',
328 verbose parsed url   path: '~2.0.1',
328 verbose parsed url   href: '~2.0.1' }
329 verbose addNamed [ 'inherits', '~2.0.1' ]
330 verbose addNamed [ null, '>=2.0.1-0 <2.1.0-0' ]
331 silly lockFile 098ef39f-inherits-2-0-1 inherits@~2.0.1
332 verbose lock inherits@~2.0.1 C:\Users\jepz2_000\AppData\Roaming\npm-cache\098ef39f-inherits-2-0-1.lock
333 verbose cache add name="isarray" spec="~1.0.0" args=["isarray","~1.0.0"]
334 verbose parsed url { protocol: null,
334 verbose parsed url   slashes: null,
334 verbose parsed url   auth: null,
334 verbose parsed url   host: null,
334 verbose parsed url   port: null,
334 verbose parsed url   hostname: null,
334 verbose parsed url   hash: null,
334 verbose parsed url   search: null,
334 verbose parsed url   query: null,
334 verbose parsed url   pathname: '~1.0.0',
334 verbose parsed url   path: '~1.0.0',
334 verbose parsed url   href: '~1.0.0' }
335 verbose addNamed [ 'isarray', '~1.0.0' ]
336 verbose addNamed [ null, '>=1.0.0-0 <1.1.0-0' ]
337 silly lockFile c9f174a0-isarray-1-0-0 isarray@~1.0.0
338 verbose lock isarray@~1.0.0 C:\Users\jepz2_000\AppData\Roaming\npm-cache\c9f174a0-isarray-1-0-0.lock
339 verbose cache add name="process-nextick-args" spec="~1.0.6" args=["process-nextick-args","~1.0.6"]
340 verbose parsed url { protocol: null,
340 verbose parsed url   slashes: null,
340 verbose parsed url   auth: null,
340 verbose parsed url   host: null,
340 verbose parsed url   port: null,
340 verbose parsed url   hostname: null,
340 verbose parsed url   hash: null,
340 verbose parsed url   search: null,
340 verbose parsed url   query: null,
340 verbose parsed url   pathname: '~1.0.6',
340 verbose parsed url   path: '~1.0.6',
340 verbose parsed url   href: '~1.0.6' }
341 verbose addNamed [ 'process-nextick-args', '~1.0.6' ]
342 verbose addNamed [ null, '>=1.0.6-0 <1.1.0-0' ]
343 silly lockFile 34df6d61-process-nextick-args-1-0-6 process-nextick-args@~1.0.6
344 verbose lock process-nextick-args@~1.0.6 C:\Users\jepz2_000\AppData\Roaming\npm-cache\34df6d61-process-nextick-args-1-0-6.lock
345 verbose cache add name="string_decoder" spec="~0.10.x" args=["string_decoder","~0.10.x"]
346 verbose parsed url { protocol: null,
346 verbose parsed url   slashes: null,
346 verbose parsed url   auth: null,
346 verbose parsed url   host: null,
346 verbose parsed url   port: null,
346 verbose parsed url   hostname: null,
346 verbose parsed url   hash: null,
346 verbose parsed url   search: null,
346 verbose parsed url   query: null,
346 verbose parsed url   pathname: '~0.10.x',
346 verbose parsed url   path: '~0.10.x',
346 verbose parsed url   href: '~0.10.x' }
347 verbose addNamed [ 'string_decoder', '~0.10.x' ]
348 verbose addNamed [ null, '>=0.10.0-0 <0.11.0-0' ]
349 silly lockFile 8f75c97d-string-decoder-0-10-x string_decoder@~0.10.x
350 verbose lock string_decoder@~0.10.x C:\Users\jepz2_000\AppData\Roaming\npm-cache\8f75c97d-string-decoder-0-10-x.lock
351 verbose cache add name="util-deprecate" spec="~1.0.1" args=["util-deprecate","~1.0.1"]
352 verbose parsed url { protocol: null,
352 verbose parsed url   slashes: null,
352 verbose parsed url   auth: null,
352 verbose parsed url   host: null,
352 verbose parsed url   port: null,
352 verbose parsed url   hostname: null,
352 verbose parsed url   hash: null,
352 verbose parsed url   search: null,
352 verbose parsed url   query: null,
352 verbose parsed url   pathname: '~1.0.1',
352 verbose parsed url   path: '~1.0.1',
352 verbose parsed url   href: '~1.0.1' }
353 verbose addNamed [ 'util-deprecate', '~1.0.1' ]
354 verbose addNamed [ null, '>=1.0.1-0 <1.1.0-0' ]
355 silly lockFile d0045abb-util-deprecate-1-0-1 util-deprecate@~1.0.1
356 verbose lock util-deprecate@~1.0.1 C:\Users\jepz2_000\AppData\Roaming\npm-cache\d0045abb-util-deprecate-1-0-1.lock
357 silly addNameRange { name: 'core-util-is',
357 silly addNameRange   range: '>=1.0.0-0 <1.1.0-0',
357 silly addNameRange   hasData: false }
358 silly addNameRange { name: 'inherits', range: '>=2.0.1-0 <2.1.0-0', hasData: false }
359 silly addNameRange { name: 'process-nextick-args',
359 silly addNameRange   range: '>=1.0.6-0 <1.1.0-0',
359 silly addNameRange   hasData: false }
360 silly addNameRange { name: 'string_decoder',
360 silly addNameRange   range: '>=0.10.0-0 <0.11.0-0',
360 silly addNameRange   hasData: false }
361 silly addNameRange { name: 'isarray', range: '>=1.0.0-0 <1.1.0-0', hasData: false }
362 silly addNameRange { name: 'util-deprecate',
362 silly addNameRange   range: '>=1.0.1-0 <1.1.0-0',
362 silly addNameRange   hasData: false }
363 verbose request where is /core-util-is
364 verbose request registry https://registry.npmjs.org/
365 verbose url raw /core-util-is
366 verbose url resolving [ 'https://registry.npmjs.org/', './core-util-is' ]
367 verbose url resolved https://registry.npmjs.org/core-util-is
368 verbose request where is https://registry.npmjs.org/core-util-is
369 info trying registry request attempt 1 at 22:38:46
370 verbose etag "75RK9UUWAHLYO40UZKLLOJ8YF"
371 http GET https://registry.npmjs.org/core-util-is
372 verbose request where is /inherits
373 verbose request registry https://registry.npmjs.org/
374 verbose url raw /inherits
375 verbose url resolving [ 'https://registry.npmjs.org/', './inherits' ]
376 verbose url resolved https://registry.npmjs.org/inherits
377 verbose request where is https://registry.npmjs.org/inherits
378 info trying registry request attempt 1 at 22:38:46
379 verbose etag "3645UNH34SN5CHM42TXWU4X9A"
380 http GET https://registry.npmjs.org/inherits
381 verbose request where is /process-nextick-args
382 verbose request registry https://registry.npmjs.org/
383 verbose url raw /process-nextick-args
384 verbose url resolving [ 'https://registry.npmjs.org/', './process-nextick-args' ]
385 verbose url resolved https://registry.npmjs.org/process-nextick-args
386 verbose request where is https://registry.npmjs.org/process-nextick-args
387 info trying registry request attempt 1 at 22:38:46
388 verbose etag "5AJOT6HL2QR1J143EYQLHDSVU"
389 http GET https://registry.npmjs.org/process-nextick-args
390 verbose request where is /string_decoder
391 verbose request registry https://registry.npmjs.org/
392 verbose url raw /string_decoder
393 verbose url resolving [ 'https://registry.npmjs.org/', './string_decoder' ]
394 verbose url resolved https://registry.npmjs.org/string_decoder
395 verbose request where is https://registry.npmjs.org/string_decoder
396 info trying registry request attempt 1 at 22:38:46
397 verbose etag "3SLQP4XEWUIBONOV855WOPR0B"
398 http GET https://registry.npmjs.org/string_decoder
399 verbose request where is /isarray
400 verbose request registry https://registry.npmjs.org/
401 verbose url raw /isarray
402 verbose url resolving [ 'https://registry.npmjs.org/', './isarray' ]
403 verbose url resolved https://registry.npmjs.org/isarray
404 verbose request where is https://registry.npmjs.org/isarray
405 info trying registry request attempt 1 at 22:38:46
406 verbose etag "9BAUPW5RTV3W0838KA6Y08NTG"
407 http GET https://registry.npmjs.org/isarray
408 verbose request where is /util-deprecate
409 verbose request registry https://registry.npmjs.org/
410 verbose url raw /util-deprecate
411 verbose url resolving [ 'https://registry.npmjs.org/', './util-deprecate' ]
412 verbose url resolved https://registry.npmjs.org/util-deprecate
413 verbose request where is https://registry.npmjs.org/util-deprecate
414 info trying registry request attempt 1 at 22:38:46
415 verbose etag "363T1WE4HHZV0LMEHAOBAVT0G"
416 http GET https://registry.npmjs.org/util-deprecate
417 http 304 https://registry.npmjs.org/core-util-is
418 silly registry.get cb [ 304,
418 silly registry.get   { date: 'Mon, 04 Apr 2016 04:38:48 GMT',
418 silly registry.get     via: '1.1 varnish',
418 silly registry.get     'cache-control': 'max-age=300',
418 silly registry.get     etag: '"75RK9UUWAHLYO40UZKLLOJ8YF"',
418 silly registry.get     age: '102',
418 silly registry.get     connection: 'keep-alive',
418 silly registry.get     'x-served-by': 'cache-jfk1044-JFK',
418 silly registry.get     'x-cache': 'HIT',
418 silly registry.get     'x-cache-hits': '9',
418 silly registry.get     'x-timer': 'S1459744728.948305,VS0,VE0',
418 silly registry.get     vary: 'Accept' } ]
419 verbose etag https://registry.npmjs.org/core-util-is from cache
420 silly addNameRange number 2 { name: 'core-util-is',
420 silly addNameRange   range: '>=1.0.0-0 <1.1.0-0',
420 silly addNameRange   hasData: true }
421 silly addNameRange versions [ 'core-util-is', [ '1.0.0', '1.0.1', '1.0.2' ] ]
422 verbose addNamed [ 'core-util-is', '1.0.2' ]
423 verbose addNamed [ '1.0.2', '1.0.2' ]
424 silly lockFile 250fbf62-core-util-is-1-0-2 core-util-is@1.0.2
425 verbose lock core-util-is@1.0.2 C:\Users\jepz2_000\AppData\Roaming\npm-cache\250fbf62-core-util-is-1-0-2.lock
426 silly lockFile 250fbf62-core-util-is-1-0-2 core-util-is@1.0.2
427 silly lockFile 250fbf62-core-util-is-1-0-2 core-util-is@1.0.2
428 silly lockFile 577b60c4-core-util-is-1-0-0 core-util-is@~1.0.0
429 silly lockFile 577b60c4-core-util-is-1-0-0 core-util-is@~1.0.0
430 http 304 https://registry.npmjs.org/inherits
431 silly registry.get cb [ 304,
431 silly registry.get   { date: 'Mon, 04 Apr 2016 04:38:48 GMT',
431 silly registry.get     via: '1.1 varnish',
431 silly registry.get     'cache-control': 'max-age=300',
431 silly registry.get     etag: '"3645UNH34SN5CHM42TXWU4X9A"',
431 silly registry.get     age: '285',
431 silly registry.get     connection: 'keep-alive',
431 silly registry.get     'x-served-by': 'cache-jfk1024-JFK',
431 silly registry.get     'x-cache': 'HIT',
431 silly registry.get     'x-cache-hits': '16',
431 silly registry.get     'x-timer': 'S1459744728.976822,VS0,VE0',
431 silly registry.get     vary: 'Accept' } ]
432 verbose etag https://registry.npmjs.org/inherits from cache
433 silly addNameRange number 2 { name: 'inherits', range: '>=2.0.1-0 <2.1.0-0', hasData: true }
434 silly addNameRange versions [ 'inherits', [ '1.0.0', '2.0.0', '2.0.1', '1.0.1', '1.0.2' ] ]
435 verbose addNamed [ 'inherits', '2.0.1' ]
436 verbose addNamed [ '2.0.1', '2.0.1' ]
437 silly lockFile 2b2e8f1b-inherits-2-0-1 inherits@2.0.1
438 verbose lock inherits@2.0.1 C:\Users\jepz2_000\AppData\Roaming\npm-cache\2b2e8f1b-inherits-2-0-1.lock
439 silly lockFile 2b2e8f1b-inherits-2-0-1 inherits@2.0.1
440 silly lockFile 2b2e8f1b-inherits-2-0-1 inherits@2.0.1
441 http 304 https://registry.npmjs.org/process-nextick-args
442 silly registry.get cb [ 304,
442 silly registry.get   { date: 'Mon, 04 Apr 2016 04:38:48 GMT',
442 silly registry.get     via: '1.1 varnish',
442 silly registry.get     'cache-control': 'max-age=300',
442 silly registry.get     etag: '"5AJOT6HL2QR1J143EYQLHDSVU"',
442 silly registry.get     age: '30',
442 silly registry.get     connection: 'keep-alive',
442 silly registry.get     'x-served-by': 'cache-jfk1043-JFK',
442 silly registry.get     'x-cache': 'HIT',
442 silly registry.get     'x-cache-hits': '2',
442 silly registry.get     'x-timer': 'S1459744728.997784,VS0,VE0',
442 silly registry.get     vary: 'Accept' } ]
443 verbose etag https://registry.npmjs.org/process-nextick-args from cache
444 silly lockFile 098ef39f-inherits-2-0-1 inherits@~2.0.1
445 silly lockFile 098ef39f-inherits-2-0-1 inherits@~2.0.1
446 http 304 https://registry.npmjs.org/string_decoder
447 silly registry.get cb [ 304,
447 silly registry.get   { date: 'Mon, 04 Apr 2016 04:38:49 GMT',
447 silly registry.get     via: '1.1 varnish',
447 silly registry.get     'cache-control': 'max-age=300',
447 silly registry.get     etag: '"3SLQP4XEWUIBONOV855WOPR0B"',
447 silly registry.get     age: '198',
447 silly registry.get     connection: 'keep-alive',
447 silly registry.get     'x-served-by': 'cache-jfk1037-JFK',
447 silly registry.get     'x-cache': 'HIT',
447 silly registry.get     'x-cache-hits': '7',
447 silly registry.get     'x-timer': 'S1459744729.009415,VS0,VE0',
447 silly registry.get     vary: 'Accept' } ]
448 verbose etag https://registry.npmjs.org/string_decoder from cache
449 silly addNameRange number 2 { name: 'process-nextick-args',
449 silly addNameRange   range: '>=1.0.6-0 <1.1.0-0',
449 silly addNameRange   hasData: true }
450 silly addNameRange versions [ 'process-nextick-args',
450 silly addNameRange   [ '1.0.0', '1.0.1', '1.0.2', '1.0.3', '1.0.4', '1.0.5', '1.0.6' ] ]
451 verbose addNamed [ 'process-nextick-args', '1.0.6' ]
452 verbose addNamed [ '1.0.6', '1.0.6' ]
453 silly lockFile 37140696-process-nextick-args-1-0-6 process-nextick-args@1.0.6
454 verbose lock process-nextick-args@1.0.6 C:\Users\jepz2_000\AppData\Roaming\npm-cache\37140696-process-nextick-args-1-0-6.lock
455 silly lockFile 37140696-process-nextick-args-1-0-6 process-nextick-args@1.0.6
456 silly lockFile 37140696-process-nextick-args-1-0-6 process-nextick-args@1.0.6
457 silly lockFile 34df6d61-process-nextick-args-1-0-6 process-nextick-args@~1.0.6
458 silly lockFile 34df6d61-process-nextick-args-1-0-6 process-nextick-args@~1.0.6
459 silly addNameRange number 2 { name: 'string_decoder',
459 silly addNameRange   range: '>=0.10.0-0 <0.11.0-0',
459 silly addNameRange   hasData: true }
460 silly addNameRange versions [ 'string_decoder',
460 silly addNameRange   [ '0.0.0',
460 silly addNameRange     '0.0.1',
460 silly addNameRange     '0.10.24',
460 silly addNameRange     '0.11.10',
460 silly addNameRange     '0.10.25',
460 silly addNameRange     '0.11.10-1',
460 silly addNameRange     '0.10.25-1',
460 silly addNameRange     '0.10.31' ] ]
461 verbose addNamed [ 'string_decoder', '0.10.31' ]
462 verbose addNamed [ '0.10.31', '0.10.31' ]
463 silly lockFile 0a9a4818-string-decoder-0-10-31 string_decoder@0.10.31
464 verbose lock string_decoder@0.10.31 C:\Users\jepz2_000\AppData\Roaming\npm-cache\0a9a4818-string-decoder-0-10-31.lock
465 silly lockFile 0a9a4818-string-decoder-0-10-31 string_decoder@0.10.31
466 silly lockFile 0a9a4818-string-decoder-0-10-31 string_decoder@0.10.31
467 silly lockFile 8f75c97d-string-decoder-0-10-x string_decoder@~0.10.x
468 silly lockFile 8f75c97d-string-decoder-0-10-x string_decoder@~0.10.x
469 http 304 https://registry.npmjs.org/isarray
470 silly registry.get cb [ 304,
470 silly registry.get   { date: 'Mon, 04 Apr 2016 04:38:49 GMT',
470 silly registry.get     via: '1.1 varnish',
470 silly registry.get     'cache-control': 'max-age=300',
470 silly registry.get     etag: '"9BAUPW5RTV3W0838KA6Y08NTG"',
470 silly registry.get     age: '135',
470 silly registry.get     connection: 'keep-alive',
470 silly registry.get     'x-served-by': 'cache-jfk1050-JFK',
470 silly registry.get     'x-cache': 'HIT',
470 silly registry.get     'x-cache-hits': '7',
470 silly registry.get     'x-timer': 'S1459744729.038885,VS0,VE0',
470 silly registry.get     vary: 'Accept' } ]
471 verbose etag https://registry.npmjs.org/isarray from cache
472 http 304 https://registry.npmjs.org/util-deprecate
473 silly registry.get cb [ 304,
473 silly registry.get   { date: 'Mon, 04 Apr 2016 04:38:49 GMT',
473 silly registry.get     via: '1.1 varnish',
473 silly registry.get     'cache-control': 'max-age=300',
473 silly registry.get     etag: '"363T1WE4HHZV0LMEHAOBAVT0G"',
473 silly registry.get     age: '173',
473 silly registry.get     connection: 'keep-alive',
473 silly registry.get     'x-served-by': 'cache-jfk1044-JFK',
473 silly registry.get     'x-cache': 'HIT',
473 silly registry.get     'x-cache-hits': '8',
473 silly registry.get     'x-timer': 'S1459744729.057073,VS0,VE0',
473 silly registry.get     vary: 'Accept' } ]
474 verbose etag https://registry.npmjs.org/util-deprecate from cache
475 silly addNameRange number 2 { name: 'isarray', range: '>=1.0.0-0 <1.1.0-0', hasData: true }
476 silly addNameRange versions [ 'isarray', [ '0.0.0', '0.0.1', '1.0.0' ] ]
477 verbose addNamed [ 'isarray', '1.0.0' ]
478 verbose addNamed [ '1.0.0', '1.0.0' ]
479 silly lockFile 61d13322-isarray-1-0-0 isarray@1.0.0
480 verbose lock isarray@1.0.0 C:\Users\jepz2_000\AppData\Roaming\npm-cache\61d13322-isarray-1-0-0.lock
481 silly lockFile 61d13322-isarray-1-0-0 isarray@1.0.0
482 silly lockFile 61d13322-isarray-1-0-0 isarray@1.0.0
483 silly lockFile c9f174a0-isarray-1-0-0 isarray@~1.0.0
484 silly lockFile c9f174a0-isarray-1-0-0 isarray@~1.0.0
485 silly addNameRange number 2 { name: 'util-deprecate',
485 silly addNameRange   range: '>=1.0.1-0 <1.1.0-0',
485 silly addNameRange   hasData: true }
486 silly addNameRange versions [ 'util-deprecate', [ '1.0.0', '1.0.1', '1.0.2' ] ]
487 verbose addNamed [ 'util-deprecate', '1.0.2' ]
488 verbose addNamed [ '1.0.2', '1.0.2' ]
489 silly lockFile 30fc1e6b-util-deprecate-1-0-2 util-deprecate@1.0.2
490 verbose lock util-deprecate@1.0.2 C:\Users\jepz2_000\AppData\Roaming\npm-cache\30fc1e6b-util-deprecate-1-0-2.lock
491 silly lockFile 30fc1e6b-util-deprecate-1-0-2 util-deprecate@1.0.2
492 silly lockFile 30fc1e6b-util-deprecate-1-0-2 util-deprecate@1.0.2
493 silly lockFile d0045abb-util-deprecate-1-0-1 util-deprecate@~1.0.1
494 silly lockFile d0045abb-util-deprecate-1-0-1 util-deprecate@~1.0.1
495 silly resolved [ { name: 'core-util-is',
495 silly resolved     version: '1.0.2',
495 silly resolved     description: 'The `util.is*` functions introduced in Node v0.12.',
495 silly resolved     main: 'lib/util.js',
495 silly resolved     repository: { type: 'git', url: 'git://github.com/isaacs/core-util-is.git' },
495 silly resolved     keywords:
495 silly resolved      [ 'util',
495 silly resolved        'isBuffer',
495 silly resolved        'isArray',
495 silly resolved        'isNumber',
495 silly resolved        'isString',
495 silly resolved        'isRegExp',
495 silly resolved        'isThis',
495 silly resolved        'isThat',
495 silly resolved        'polyfill' ],
495 silly resolved     author:
495 silly resolved      { name: 'Isaac Z. Schlueter',
495 silly resolved        email: 'i@izs.me',
495 silly resolved        url: 'http://blog.izs.me/' },
495 silly resolved     license: 'MIT',
495 silly resolved     bugs: { url: 'https://github.com/isaacs/core-util-is/issues' },
495 silly resolved     scripts: { test: 'tap test.js' },
495 silly resolved     devDependencies: { tap: '^2.3.0' },
495 silly resolved     gitHead: 'a177da234df5638b363ddc15fa324619a38577c8',
495 silly resolved     homepage: 'https://github.com/isaacs/core-util-is#readme',
495 silly resolved     _id: 'core-util-is@1.0.2',
495 silly resolved     _shasum: 'b5fd54220aa2bc5ab57aab7140c940754503c1a7',
495 silly resolved     _from: 'core-util-is@~1.0.0',
495 silly resolved     _npmVersion: '3.3.2',
495 silly resolved     _nodeVersion: '4.0.0',
495 silly resolved     _npmUser: { name: 'isaacs', email: 'i@izs.me' },
495 silly resolved     dist:
495 silly resolved      { shasum: 'b5fd54220aa2bc5ab57aab7140c940754503c1a7',
495 silly resolved        tarball: 'http://registry.npmjs.org/core-util-is/-/core-util-is-1.0.2.tgz' },
495 silly resolved     maintainers: [ [Object] ],
495 silly resolved     directories: {},
495 silly resolved     _resolved: 'https://registry.npmjs.org/core-util-is/-/core-util-is-1.0.2.tgz',
495 silly resolved     readme: 'ERROR: No README data found!' },
495 silly resolved   { name: 'inherits',
495 silly resolved     description: 'Browser-friendly inheritance fully compatible with standard node.js inherits()',
495 silly resolved     version: '2.0.1',
495 silly resolved     keywords:
495 silly resolved      [ 'inheritance',
495 silly resolved        'class',
495 silly resolved        'klass',
495 silly resolved        'oop',
495 silly resolved        'object-oriented',
495 silly resolved        'inherits',
495 silly resolved        'browser',
495 silly resolved        'browserify' ],
495 silly resolved     main: './inherits.js',
495 silly resolved     browser: './inherits_browser.js',
495 silly resolved     repository: { type: 'git', url: 'git://github.com/isaacs/inherits' },
495 silly resolved     license: 'ISC',
495 silly resolved     scripts: { test: 'node test' },
495 silly resolved     readme: 'Browser-friendly inheritance fully compatible with standard node.js\n[inherits](http://nodejs.org/api/util.html#util_util_inherits_constructor_superconstructor).\n\nThis package exports standard `inherits` from node.js `util` module in\nnode environment, but also provides alternative browser-friendly\nimplementation through [browser\nfield](https://gist.github.com/shtylman/4339901). Alternative\nimplementation is a literal copy of standard one located in standalone\nmodule to avoid requiring of `util`. It also has a shim for old\nbrowsers with no `Object.create` support.\n\nWhile keeping you sure you are using standard `inherits`\nimplementation in node.js environment, it allows bundlers such as\n[browserify](https://github.com/substack/node-browserify) to not\ninclude full `util` package to your client code if all you need is\njust `inherits` function. It worth, because browser shim for `util`\npackage is large and `inherits` is often the single function you need\nfrom it.\n\nIt\'s recommended to use this package instead of\n`require(\'util\').inherits` for any code that has chances to be used\nnot only in node.js but in browser too.\n\n## usage\n\n```js\nvar inherits = require(\'inherits\');\n// then use exactly as the standard one\n```\n\n## note on version ~1.0\n\nVersion ~1.0 had completely different motivation and is not compatible\nneither with 2.0 nor with standard node.js `inherits`.\n\nIf you are using version ~1.0 and planning to switch to ~2.0, be\ncareful:\n\n* new version uses `super_` instead of `super` for referencing\n  superclass\n* new version overwrites current prototype while old one preserves any\n  existing fields on it\n',
495 silly resolved     readmeFilename: 'README.md',
495 silly resolved     bugs: { url: 'https://github.com/isaacs/inherits/issues' },
495 silly resolved     _id: 'inherits@2.0.1',
495 silly resolved     dist:
495 silly resolved      { shasum: 'b17d08d326b4423e568eff719f91b0b1cbdf69f1',
495 silly resolved        tarball: 'http://registry.npmjs.org/inherits/-/inherits-2.0.1.tgz' },
495 silly resolved     _from: 'inherits@~2.0.1',
495 silly resolved     _npmVersion: '1.3.8',
495 silly resolved     _npmUser: { name: 'isaacs', email: 'i@izs.me' },
495 silly resolved     maintainers: [ [Object] ],
495 silly resolved     directories: {},
495 silly resolved     _shasum: 'b17d08d326b4423e568eff719f91b0b1cbdf69f1',
495 silly resolved     _resolved: 'https://registry.npmjs.org/inherits/-/inherits-2.0.1.tgz',
495 silly resolved     homepage: 'https://github.com/isaacs/inherits' },
495 silly resolved   { name: 'process-nextick-args',
495 silly resolved     version: '1.0.6',
495 silly resolved     description: 'process.nextTick but always with args',
495 silly resolved     main: 'index.js',
495 silly resolved     scripts: { test: 'node test.js' },
495 silly resolved     repository:
495 silly resolved      { type: 'git',
495 silly resolved        url: 'git+https://github.com/calvinmetcalf/process-nextick-args.git' },
495 silly resolved     author: '',
495 silly resolved     license: 'MIT',
495 silly resolved     bugs: { url: 'https://github.com/calvinmetcalf/process-nextick-args/issues' },
495 silly resolved     homepage: 'https://github.com/calvinmetcalf/process-nextick-args',
495 silly resolved     devDependencies: { tap: '~0.2.6' },
495 silly resolved     gitHead: 'e85787b05a8c3c1adb714f332d822e9162699c78',
495 silly resolved     _id: 'process-nextick-args@1.0.6',
495 silly resolved     _shasum: '0f96b001cea90b12592ce566edb97ec11e69bd05',
495 silly resolved     _from: 'process-nextick-args@~1.0.6',
495 silly resolved     _npmVersion: '2.14.4',
495 silly resolved     _nodeVersion: '4.1.1',
495 silly resolved     _npmUser: { name: 'cwmma', email: 'calvin.metcalf@gmail.com' },
495 silly resolved     dist:
495 silly resolved      { shasum: '0f96b001cea90b12592ce566edb97ec11e69bd05',
495 silly resolved        tarball: 'http://registry.npmjs.org/process-nextick-args/-/process-nextick-args-1.0.6.tgz' },
495 silly resolved     maintainers: [ [Object] ],
495 silly resolved     directories: {},
495 silly resolved     _resolved: 'https://registry.npmjs.org/process-nextick-args/-/process-nextick-args-1.0.6.tgz',
495 silly resolved     readme: 'ERROR: No README data found!' },
495 silly resolved   { name: 'string_decoder',
495 silly resolved     version: '0.10.31',
495 silly resolved     description: 'The string_decoder module from Node core',
495 silly resolved     main: 'index.js',
495 silly resolved     dependencies: {},
495 silly resolved     devDependencies: { tap: '~0.4.8' },
495 silly resolved     scripts: { test: 'tap test/simple/*.js' },
495 silly resolved     repository:
495 silly resolved      { type: 'git',
495 silly resolved        url: 'git://github.com/rvagg/string_decoder.git' },
495 silly resolved     homepage: 'https://github.com/rvagg/string_decoder',
495 silly resolved     keywords: [ 'string', 'decoder', 'browser', 'browserify' ],
495 silly resolved     license: 'MIT',
495 silly resolved     gitHead: 'd46d4fd87cf1d06e031c23f1ba170ca7d4ade9a0',
495 silly resolved     bugs: { url: 'https://github.com/rvagg/string_decoder/issues' },
495 silly resolved     _id: 'string_decoder@0.10.31',
495 silly resolved     _shasum: '62e203bc41766c6c28c9fc84301dab1c5310fa94',
495 silly resolved     _from: 'string_decoder@~0.10.x',
495 silly resolved     _npmVersion: '1.4.23',
495 silly resolved     _npmUser: { name: 'rvagg', email: 'rod@vagg.org' },
495 silly resolved     maintainers: [ [Object], [Object] ],
495 silly resolved     dist:
495 silly resolved      { shasum: '62e203bc41766c6c28c9fc84301dab1c5310fa94',
495 silly resolved        tarball: 'http://registry.npmjs.org/string_decoder/-/string_decoder-0.10.31.tgz' },
495 silly resolved     directories: {},
495 silly resolved     _resolved: 'https://registry.npmjs.org/string_decoder/-/string_decoder-0.10.31.tgz',
495 silly resolved     readme: 'ERROR: No README data found!' },
495 silly resolved   { name: 'isarray',
495 silly resolved     description: 'Array#isArray for older browsers',
495 silly resolved     version: '1.0.0',
495 silly resolved     repository:
495 silly resolved      { type: 'git',
495 silly resolved        url: 'git://github.com/juliangruber/isarray.git' },
495 silly resolved     homepage: 'https://github.com/juliangruber/isarray',
495 silly resolved     main: 'index.js',
495 silly resolved     dependencies: {},
495 silly resolved     devDependencies: { tape: '~2.13.4' },
495 silly resolved     keywords: [ 'browser', 'isarray', 'array' ],
495 silly resolved     author:
495 silly resolved      { name: 'Julian Gruber',
495 silly resolved        email: 'mail@juliangruber.com',
495 silly resolved        url: 'http://juliangruber.com' },
495 silly resolved     license: 'MIT',
495 silly resolved     testling: { files: 'test.js', browsers: [Object] },
495 silly resolved     scripts: { test: 'tape test.js' },
495 silly resolved     gitHead: '2a23a281f369e9ae06394c0fb4d2381355a6ba33',
495 silly resolved     bugs: { url: 'https://github.com/juliangruber/isarray/issues' },
495 silly resolved     _id: 'isarray@1.0.0',
495 silly resolved     _shasum: 'bb935d48582cba168c06834957a54a3e07124f11',
495 silly resolved     _from: 'isarray@~1.0.0',
495 silly resolved     _npmVersion: '3.3.12',
495 silly resolved     _nodeVersion: '5.1.0',
495 silly resolved     _npmUser: { name: 'juliangruber', email: 'julian@juliangruber.com' },
495 silly resolved     dist:
495 silly resolved      { shasum: 'bb935d48582cba168c06834957a54a3e07124f11',
495 silly resolved        tarball: 'http://registry.npmjs.org/isarray/-/isarray-1.0.0.tgz' },
495 silly resolved     maintainers: [ [Object] ],
495 silly resolved     directories: {},
495 silly resolved     _resolved: 'https://registry.npmjs.org/isarray/-/isarray-1.0.0.tgz',
495 silly resolved     readme: 'ERROR: No README data found!' },
495 silly resolved   { name: 'util-deprecate',
495 silly resolved     version: '1.0.2',
495 silly resolved     description: 'The Node.js `util.deprecate()` function with browser support',
495 silly resolved     main: 'node.js',
495 silly resolved     browser: 'browser.js',
495 silly resolved     scripts: { test: 'echo "Error: no test specified" && exit 1' },
495 silly resolved     repository:
495 silly resolved      { type: 'git',
495 silly resolved        url: 'git://github.com/TooTallNate/util-deprecate.git' },
495 silly resolved     keywords: [ 'util', 'deprecate', 'browserify', 'browser', 'node' ],
495 silly resolved     author:
495 silly resolved      { name: 'Nathan Rajlich',
495 silly resolved        email: 'nathan@tootallnate.net',
495 silly resolved        url: 'http://n8.io/' },
495 silly resolved     license: 'MIT',
495 silly resolved     bugs: { url: 'https://github.com/TooTallNate/util-deprecate/issues' },
495 silly resolved     homepage: 'https://github.com/TooTallNate/util-deprecate',
495 silly resolved     gitHead: '475fb6857cd23fafff20c1be846c1350abf8e6d4',
495 silly resolved     _id: 'util-deprecate@1.0.2',
495 silly resolved     _shasum: '450d4dc9fa70de732762fbd2d4a28981419a0ccf',
495 silly resolved     _from: 'util-deprecate@~1.0.1',
495 silly resolved     _npmVersion: '2.14.4',
495 silly resolved     _nodeVersion: '4.1.2',
495 silly resolved     _npmUser: { name: 'tootallnate', email: 'nathan@tootallnate.net' },
495 silly resolved     maintainers: [ [Object] ],
495 silly resolved     dist:
495 silly resolved      { shasum: '450d4dc9fa70de732762fbd2d4a28981419a0ccf',
495 silly resolved        tarball: 'http://registry.npmjs.org/util-deprecate/-/util-deprecate-1.0.2.tgz' },
495 silly resolved     directories: {},
495 silly resolved     _resolved: 'https://registry.npmjs.org/util-deprecate/-/util-deprecate-1.0.2.tgz',
495 silly resolved     readme: 'ERROR: No README data found!' } ]
496 info install core-util-is@1.0.2 into C:\Users\jepz2_000\Documents\Udacity\MeetUpPlanner\node_modules\gulp-gae\node_modules\through2\node_modules\readable-stream
497 info install inherits@2.0.1 into C:\Users\jepz2_000\Documents\Udacity\MeetUpPlanner\node_modules\gulp-gae\node_modules\through2\node_modules\readable-stream
498 info install process-nextick-args@1.0.6 into C:\Users\jepz2_000\Documents\Udacity\MeetUpPlanner\node_modules\gulp-gae\node_modules\through2\node_modules\readable-stream
499 info install string_decoder@0.10.31 into C:\Users\jepz2_000\Documents\Udacity\MeetUpPlanner\node_modules\gulp-gae\node_modules\through2\node_modules\readable-stream
500 info install isarray@1.0.0 into C:\Users\jepz2_000\Documents\Udacity\MeetUpPlanner\node_modules\gulp-gae\node_modules\through2\node_modules\readable-stream
501 info install util-deprecate@1.0.2 into C:\Users\jepz2_000\Documents\Udacity\MeetUpPlanner\node_modules\gulp-gae\node_modules\through2\node_modules\readable-stream
502 info installOne core-util-is@1.0.2
503 info installOne inherits@2.0.1
504 info installOne process-nextick-args@1.0.6
505 info installOne string_decoder@0.10.31
506 info installOne isarray@1.0.0
507 info installOne util-deprecate@1.0.2
508 verbose node_modules\gulp-gae\node_modules\through2\node_modules\readable-stream\node_modules\core-util-is unbuild
509 verbose node_modules\gulp-gae\node_modules\through2\node_modules\readable-stream\node_modules\inherits unbuild
510 verbose node_modules\gulp-gae\node_modules\through2\node_modules\readable-stream\node_modules\process-nextick-args unbuild
511 verbose node_modules\gulp-gae\node_modules\through2\node_modules\readable-stream\node_modules\string_decoder unbuild
512 verbose node_modules\gulp-gae\node_modules\through2\node_modules\readable-stream\node_modules\isarray unbuild
513 verbose node_modules\gulp-gae\node_modules\through2\node_modules\readable-stream\node_modules\util-deprecate unbuild
514 verbose tar unpack C:\Users\jepz2_000\AppData\Roaming\npm-cache\core-util-is\1.0.2\package.tgz
515 silly lockFile 11f1bf6a-stream-node-modules-core-util-is tar://C:\Users\jepz2_000\Documents\Udacity\MeetUpPlanner\node_modules\gulp-gae\node_modules\through2\node_modules\readable-stream\node_modules\core-util-is
516 verbose lock tar://C:\Users\jepz2_000\Documents\Udacity\MeetUpPlanner\node_modules\gulp-gae\node_modules\through2\node_modules\readable-stream\node_modules\core-util-is C:\Users\jepz2_000\AppData\Roaming\npm-cache\11f1bf6a-stream-node-modules-core-util-is.lock
517 silly lockFile b57e3b9c-e-core-util-is-1-0-2-package-tgz tar://C:\Users\jepz2_000\AppData\Roaming\npm-cache\core-util-is\1.0.2\package.tgz
518 verbose lock tar://C:\Users\jepz2_000\AppData\Roaming\npm-cache\core-util-is\1.0.2\package.tgz C:\Users\jepz2_000\AppData\Roaming\npm-cache\b57e3b9c-e-core-util-is-1-0-2-package-tgz.lock
519 verbose tar unpack C:\Users\jepz2_000\AppData\Roaming\npm-cache\inherits\2.0.1\package.tgz
520 silly lockFile 66da7971-ble-stream-node-modules-inherits tar://C:\Users\jepz2_000\Documents\Udacity\MeetUpPlanner\node_modules\gulp-gae\node_modules\through2\node_modules\readable-stream\node_modules\inherits
521 verbose lock tar://C:\Users\jepz2_000\Documents\Udacity\MeetUpPlanner\node_modules\gulp-gae\node_modules\through2\node_modules\readable-stream\node_modules\inherits C:\Users\jepz2_000\AppData\Roaming\npm-cache\66da7971-ble-stream-node-modules-inherits.lock
522 silly lockFile 0fcce052-cache-inherits-2-0-1-package-tgz tar://C:\Users\jepz2_000\AppData\Roaming\npm-cache\inherits\2.0.1\package.tgz
523 verbose lock tar://C:\Users\jepz2_000\AppData\Roaming\npm-cache\inherits\2.0.1\package.tgz C:\Users\jepz2_000\AppData\Roaming\npm-cache\0fcce052-cache-inherits-2-0-1-package-tgz.lock
524 verbose tar unpack C:\Users\jepz2_000\AppData\Roaming\npm-cache\process-nextick-args\1.0.6\package.tgz
525 silly lockFile 14da7e83-ode-modules-process-nextick-args tar://C:\Users\jepz2_000\Documents\Udacity\MeetUpPlanner\node_modules\gulp-gae\node_modules\through2\node_modules\readable-stream\node_modules\process-nextick-args
526 verbose lock tar://C:\Users\jepz2_000\Documents\Udacity\MeetUpPlanner\node_modules\gulp-gae\node_modules\through2\node_modules\readable-stream\node_modules\process-nextick-args C:\Users\jepz2_000\AppData\Roaming\npm-cache\14da7e83-ode-modules-process-nextick-args.lock
527 silly lockFile 18267d8c-s-nextick-args-1-0-6-package-tgz tar://C:\Users\jepz2_000\AppData\Roaming\npm-cache\process-nextick-args\1.0.6\package.tgz
528 verbose lock tar://C:\Users\jepz2_000\AppData\Roaming\npm-cache\process-nextick-args\1.0.6\package.tgz C:\Users\jepz2_000\AppData\Roaming\npm-cache\18267d8c-s-nextick-args-1-0-6-package-tgz.lock
529 verbose tar unpack C:\Users\jepz2_000\AppData\Roaming\npm-cache\string_decoder\0.10.31\package.tgz
530 silly lockFile 4b44b4ff-ream-node-modules-string-decoder tar://C:\Users\jepz2_000\Documents\Udacity\MeetUpPlanner\node_modules\gulp-gae\node_modules\through2\node_modules\readable-stream\node_modules\string_decoder
531 verbose lock tar://C:\Users\jepz2_000\Documents\Udacity\MeetUpPlanner\node_modules\gulp-gae\node_modules\through2\node_modules\readable-stream\node_modules\string_decoder C:\Users\jepz2_000\AppData\Roaming\npm-cache\4b44b4ff-ream-node-modules-string-decoder.lock
532 silly lockFile 3ad4e54e-ring-decoder-0-10-31-package-tgz tar://C:\Users\jepz2_000\AppData\Roaming\npm-cache\string_decoder\0.10.31\package.tgz
533 verbose lock tar://C:\Users\jepz2_000\AppData\Roaming\npm-cache\string_decoder\0.10.31\package.tgz C:\Users\jepz2_000\AppData\Roaming\npm-cache\3ad4e54e-ring-decoder-0-10-31-package-tgz.lock
534 verbose tar unpack C:\Users\jepz2_000\AppData\Roaming\npm-cache\isarray\1.0.0\package.tgz
535 silly lockFile 056f2687-able-stream-node-modules-isarray tar://C:\Users\jepz2_000\Documents\Udacity\MeetUpPlanner\node_modules\gulp-gae\node_modules\through2\node_modules\readable-stream\node_modules\isarray
536 verbose lock tar://C:\Users\jepz2_000\Documents\Udacity\MeetUpPlanner\node_modules\gulp-gae\node_modules\through2\node_modules\readable-stream\node_modules\isarray C:\Users\jepz2_000\AppData\Roaming\npm-cache\056f2687-able-stream-node-modules-isarray.lock
537 silly lockFile cd3e8c88--cache-isarray-1-0-0-package-tgz tar://C:\Users\jepz2_000\AppData\Roaming\npm-cache\isarray\1.0.0\package.tgz
538 verbose lock tar://C:\Users\jepz2_000\AppData\Roaming\npm-cache\isarray\1.0.0\package.tgz C:\Users\jepz2_000\AppData\Roaming\npm-cache\cd3e8c88--cache-isarray-1-0-0-package-tgz.lock
539 verbose tar unpack C:\Users\jepz2_000\AppData\Roaming\npm-cache\util-deprecate\1.0.2\package.tgz
540 silly lockFile 7d84c043-ream-node-modules-util-deprecate tar://C:\Users\jepz2_000\Documents\Udacity\MeetUpPlanner\node_modules\gulp-gae\node_modules\through2\node_modules\readable-stream\node_modules\util-deprecate
541 verbose lock tar://C:\Users\jepz2_000\Documents\Udacity\MeetUpPlanner\node_modules\gulp-gae\node_modules\through2\node_modules\readable-stream\node_modules\util-deprecate C:\Users\jepz2_000\AppData\Roaming\npm-cache\7d84c043-ream-node-modules-util-deprecate.lock
542 silly lockFile 64e234f1-util-deprecate-1-0-2-package-tgz tar://C:\Users\jepz2_000\AppData\Roaming\npm-cache\util-deprecate\1.0.2\package.tgz
543 verbose lock tar://C:\Users\jepz2_000\AppData\Roaming\npm-cache\util-deprecate\1.0.2\package.tgz C:\Users\jepz2_000\AppData\Roaming\npm-cache\64e234f1-util-deprecate-1-0-2-package-tgz.lock
544 silly gunzTarPerm modes [ '777', '666' ]
545 silly gunzTarPerm modes [ '777', '666' ]
546 silly gunzTarPerm modes [ '777', '666' ]
547 silly gunzTarPerm modes [ '777', '666' ]
548 silly gunzTarPerm modes [ '777', '666' ]
549 silly gunzTarPerm modes [ '777', '666' ]
550 silly gunzTarPerm extractEntry package.json
551 silly gunzTarPerm modified mode [ 'package.json', 420, 438 ]
552 silly gunzTarPerm extractEntry package.json
553 silly gunzTarPerm modified mode [ 'package.json', 420, 438 ]
554 silly gunzTarPerm extractEntry package.json
555 silly gunzTarPerm modified mode [ 'package.json', 420, 438 ]
556 silly gunzTarPerm extractEntry package.json
557 silly gunzTarPerm modified mode [ 'package.json', 436, 438 ]
558 silly gunzTarPerm extractEntry package.json
559 silly gunzTarPerm modified mode [ 'package.json', 420, 438 ]
560 silly gunzTarPerm extractEntry package.json
561 silly gunzTarPerm modified mode [ 'package.json', 420, 438 ]
562 silly gunzTarPerm extractEntry README.md
563 silly gunzTarPerm modified mode [ 'README.md', 420, 438 ]
564 silly gunzTarPerm extractEntry LICENSE
565 silly gunzTarPerm modified mode [ 'LICENSE', 420, 438 ]
566 silly gunzTarPerm extractEntry README.md
567 silly gunzTarPerm modified mode [ 'README.md', 420, 438 ]
568 silly gunzTarPerm extractEntry LICENSE
569 silly gunzTarPerm modified mode [ 'LICENSE', 420, 438 ]
570 silly gunzTarPerm extractEntry index.js
571 silly gunzTarPerm modified mode [ 'index.js', 420, 438 ]
572 silly gunzTarPerm extractEntry test.js
573 silly gunzTarPerm modified mode [ 'test.js', 420, 438 ]
574 silly gunzTarPerm extractEntry .npmignore
575 silly gunzTarPerm modified mode [ '.npmignore', 436, 438 ]
576 silly gunzTarPerm extractEntry README.md
577 silly gunzTarPerm modified mode [ 'README.md', 436, 438 ]
578 silly gunzTarPerm extractEntry .npmignore
579 silly gunzTarPerm modified mode [ '.npmignore', 420, 438 ]
580 silly gunzTarPerm extractEntry README.md
581 silly gunzTarPerm modified mode [ 'README.md', 420, 438 ]
582 silly gunzTarPerm extractEntry README.md
583 silly gunzTarPerm modified mode [ 'README.md', 420, 438 ]
584 silly gunzTarPerm extractEntry LICENSE
585 silly gunzTarPerm modified mode [ 'LICENSE', 420, 438 ]
586 silly gunzTarPerm extractEntry browser.js
587 silly gunzTarPerm modified mode [ 'browser.js', 420, 438 ]
588 silly gunzTarPerm extractEntry node.js
589 silly gunzTarPerm modified mode [ 'node.js', 420, 438 ]
590 silly gunzTarPerm extractEntry inherits.js
591 silly gunzTarPerm modified mode [ 'inherits.js', 420, 438 ]
592 silly gunzTarPerm extractEntry inherits_browser.js
593 silly gunzTarPerm modified mode [ 'inherits_browser.js', 420, 438 ]
594 silly gunzTarPerm extractEntry LICENSE
595 silly gunzTarPerm modified mode [ 'LICENSE', 436, 438 ]
596 silly gunzTarPerm extractEntry index.js
597 silly gunzTarPerm modified mode [ 'index.js', 436, 438 ]
598 silly gunzTarPerm extractEntry .travis.yml
599 silly gunzTarPerm modified mode [ '.travis.yml', 420, 438 ]
600 silly gunzTarPerm extractEntry license.md
601 silly gunzTarPerm modified mode [ 'license.md', 420, 438 ]
602 silly gunzTarPerm extractEntry test.js
603 silly gunzTarPerm modified mode [ 'test.js', 420, 438 ]
604 silly gunzTarPerm extractEntry float.patch
605 silly gunzTarPerm modified mode [ 'float.patch', 420, 438 ]
606 silly gunzTarPerm extractEntry index.js
607 silly gunzTarPerm modified mode [ 'index.js', 420, 438 ]
608 silly gunzTarPerm extractEntry test.js
609 silly gunzTarPerm modified mode [ 'test.js', 420, 438 ]
610 silly gunzTarPerm extractEntry .travis.yml
611 silly gunzTarPerm modified mode [ '.travis.yml', 420, 438 ]
612 silly gunzTarPerm extractEntry Makefile
613 silly gunzTarPerm modified mode [ 'Makefile', 420, 438 ]
614 silly gunzTarPerm extractEntry test.js
615 silly gunzTarPerm modified mode [ 'test.js', 420, 438 ]
616 silly gunzTarPerm extractEntry lib/util.js
617 silly gunzTarPerm modified mode [ 'lib/util.js', 420, 438 ]
618 silly gunzTarPerm extractEntry History.md
619 silly gunzTarPerm modified mode [ 'History.md', 420, 438 ]
620 silly gunzTarPerm extractEntry readme.md
621 silly gunzTarPerm modified mode [ 'readme.md', 420, 438 ]
622 silly gunzTarPerm extractEntry component.json
623 silly gunzTarPerm modified mode [ 'component.json', 420, 438 ]
624 silly lockFile 66da7971-ble-stream-node-modules-inherits tar://C:\Users\jepz2_000\Documents\Udacity\MeetUpPlanner\node_modules\gulp-gae\node_modules\through2\node_modules\readable-stream\node_modules\inherits
625 silly lockFile 66da7971-ble-stream-node-modules-inherits tar://C:\Users\jepz2_000\Documents\Udacity\MeetUpPlanner\node_modules\gulp-gae\node_modules\through2\node_modules\readable-stream\node_modules\inherits
626 silly lockFile 0fcce052-cache-inherits-2-0-1-package-tgz tar://C:\Users\jepz2_000\AppData\Roaming\npm-cache\inherits\2.0.1\package.tgz
627 silly lockFile 0fcce052-cache-inherits-2-0-1-package-tgz tar://C:\Users\jepz2_000\AppData\Roaming\npm-cache\inherits\2.0.1\package.tgz
628 silly lockFile 14da7e83-ode-modules-process-nextick-args tar://C:\Users\jepz2_000\Documents\Udacity\MeetUpPlanner\node_modules\gulp-gae\node_modules\through2\node_modules\readable-stream\node_modules\process-nextick-args
629 silly lockFile 14da7e83-ode-modules-process-nextick-args tar://C:\Users\jepz2_000\Documents\Udacity\MeetUpPlanner\node_modules\gulp-gae\node_modules\through2\node_modules\readable-stream\node_modules\process-nextick-args
630 silly lockFile 18267d8c-s-nextick-args-1-0-6-package-tgz tar://C:\Users\jepz2_000\AppData\Roaming\npm-cache\process-nextick-args\1.0.6\package.tgz
631 silly lockFile 18267d8c-s-nextick-args-1-0-6-package-tgz tar://C:\Users\jepz2_000\AppData\Roaming\npm-cache\process-nextick-args\1.0.6\package.tgz
632 info preinstall inherits@2.0.1
633 verbose readDependencies using package.json deps
634 verbose readDependencies using package.json deps
635 silly resolved []
636 verbose about to build C:\Users\jepz2_000\Documents\Udacity\MeetUpPlanner\node_modules\gulp-gae\node_modules\through2\node_modules\readable-stream\node_modules\inherits
637 info build C:\Users\jepz2_000\Documents\Udacity\MeetUpPlanner\node_modules\gulp-gae\node_modules\through2\node_modules\readable-stream\node_modules\inherits
638 verbose linkStuff [ false,
638 verbose linkStuff   false,
638 verbose linkStuff   false,
638 verbose linkStuff   'C:\\Users\\jepz2_000\\Documents\\Udacity\\MeetUpPlanner\\node_modules\\gulp-gae\\node_modules\\through2\\node_modules\\readable-stream\\node_modules' ]
639 info linkStuff inherits@2.0.1
640 verbose linkBins inherits@2.0.1
641 verbose linkMans inherits@2.0.1
642 verbose rebuildBundles inherits@2.0.1
643 silly lockFile 7d84c043-ream-node-modules-util-deprecate tar://C:\Users\jepz2_000\Documents\Udacity\MeetUpPlanner\node_modules\gulp-gae\node_modules\through2\node_modules\readable-stream\node_modules\util-deprecate
644 silly lockFile 7d84c043-ream-node-modules-util-deprecate tar://C:\Users\jepz2_000\Documents\Udacity\MeetUpPlanner\node_modules\gulp-gae\node_modules\through2\node_modules\readable-stream\node_modules\util-deprecate
645 info install inherits@2.0.1
646 silly lockFile 64e234f1-util-deprecate-1-0-2-package-tgz tar://C:\Users\jepz2_000\AppData\Roaming\npm-cache\util-deprecate\1.0.2\package.tgz
647 silly lockFile 64e234f1-util-deprecate-1-0-2-package-tgz tar://C:\Users\jepz2_000\AppData\Roaming\npm-cache\util-deprecate\1.0.2\package.tgz
648 info postinstall inherits@2.0.1
649 info preinstall process-nextick-args@1.0.6
650 verbose readDependencies using package.json deps
651 info preinstall util-deprecate@1.0.2
652 verbose readDependencies using package.json deps
653 silly resolved []
654 verbose about to build C:\Users\jepz2_000\Documents\Udacity\MeetUpPlanner\node_modules\gulp-gae\node_modules\through2\node_modules\readable-stream\node_modules\process-nextick-args
655 info build C:\Users\jepz2_000\Documents\Udacity\MeetUpPlanner\node_modules\gulp-gae\node_modules\through2\node_modules\readable-stream\node_modules\process-nextick-args
656 verbose linkStuff [ false,
656 verbose linkStuff   false,
656 verbose linkStuff   false,
656 verbose linkStuff   'C:\\Users\\jepz2_000\\Documents\\Udacity\\MeetUpPlanner\\node_modules\\gulp-gae\\node_modules\\through2\\node_modules\\readable-stream\\node_modules' ]
657 info linkStuff process-nextick-args@1.0.6
658 verbose linkBins process-nextick-args@1.0.6
659 verbose linkMans process-nextick-args@1.0.6
660 verbose rebuildBundles process-nextick-args@1.0.6
661 info install process-nextick-args@1.0.6
662 verbose readDependencies using package.json deps
663 info postinstall process-nextick-args@1.0.6
664 verbose readDependencies using package.json deps
665 silly resolved []
666 verbose about to build C:\Users\jepz2_000\Documents\Udacity\MeetUpPlanner\node_modules\gulp-gae\node_modules\through2\node_modules\readable-stream\node_modules\util-deprecate
667 info build C:\Users\jepz2_000\Documents\Udacity\MeetUpPlanner\node_modules\gulp-gae\node_modules\through2\node_modules\readable-stream\node_modules\util-deprecate
668 verbose linkStuff [ false,
668 verbose linkStuff   false,
668 verbose linkStuff   false,
668 verbose linkStuff   'C:\\Users\\jepz2_000\\Documents\\Udacity\\MeetUpPlanner\\node_modules\\gulp-gae\\node_modules\\through2\\node_modules\\readable-stream\\node_modules' ]
669 info linkStuff util-deprecate@1.0.2
670 verbose linkBins util-deprecate@1.0.2
671 verbose linkMans util-deprecate@1.0.2
672 verbose rebuildBundles util-deprecate@1.0.2
673 info install util-deprecate@1.0.2
674 info postinstall util-deprecate@1.0.2
675 silly lockFile 056f2687-able-stream-node-modules-isarray tar://C:\Users\jepz2_000\Documents\Udacity\MeetUpPlanner\node_modules\gulp-gae\node_modules\through2\node_modules\readable-stream\node_modules\isarray
676 silly lockFile 056f2687-able-stream-node-modules-isarray tar://C:\Users\jepz2_000\Documents\Udacity\MeetUpPlanner\node_modules\gulp-gae\node_modules\through2\node_modules\readable-stream\node_modules\isarray
677 silly lockFile 4b44b4ff-ream-node-modules-string-decoder tar://C:\Users\jepz2_000\Documents\Udacity\MeetUpPlanner\node_modules\gulp-gae\node_modules\through2\node_modules\readable-stream\node_modules\string_decoder
678 silly lockFile 4b44b4ff-ream-node-modules-string-decoder tar://C:\Users\jepz2_000\Documents\Udacity\MeetUpPlanner\node_modules\gulp-gae\node_modules\through2\node_modules\readable-stream\node_modules\string_decoder
679 silly lockFile cd3e8c88--cache-isarray-1-0-0-package-tgz tar://C:\Users\jepz2_000\AppData\Roaming\npm-cache\isarray\1.0.0\package.tgz
680 silly lockFile cd3e8c88--cache-isarray-1-0-0-package-tgz tar://C:\Users\jepz2_000\AppData\Roaming\npm-cache\isarray\1.0.0\package.tgz
681 silly lockFile 3ad4e54e-ring-decoder-0-10-31-package-tgz tar://C:\Users\jepz2_000\AppData\Roaming\npm-cache\string_decoder\0.10.31\package.tgz
682 silly lockFile 3ad4e54e-ring-decoder-0-10-31-package-tgz tar://C:\Users\jepz2_000\AppData\Roaming\npm-cache\string_decoder\0.10.31\package.tgz
683 info preinstall string_decoder@0.10.31
684 verbose readDependencies using package.json deps
685 verbose readDependencies using package.json deps
686 silly resolved []
687 verbose about to build C:\Users\jepz2_000\Documents\Udacity\MeetUpPlanner\node_modules\gulp-gae\node_modules\through2\node_modules\readable-stream\node_modules\string_decoder
688 info build C:\Users\jepz2_000\Documents\Udacity\MeetUpPlanner\node_modules\gulp-gae\node_modules\through2\node_modules\readable-stream\node_modules\string_decoder
689 verbose linkStuff [ false,
689 verbose linkStuff   false,
689 verbose linkStuff   false,
689 verbose linkStuff   'C:\\Users\\jepz2_000\\Documents\\Udacity\\MeetUpPlanner\\node_modules\\gulp-gae\\node_modules\\through2\\node_modules\\readable-stream\\node_modules' ]
690 info linkStuff string_decoder@0.10.31
691 verbose linkBins string_decoder@0.10.31
692 verbose linkMans string_decoder@0.10.31
693 verbose rebuildBundles string_decoder@0.10.31
694 info install string_decoder@0.10.31
695 info preinstall isarray@1.0.0
696 info postinstall string_decoder@0.10.31
697 verbose readDependencies using package.json deps
698 verbose readDependencies using package.json deps
699 silly resolved []
700 verbose about to build C:\Users\jepz2_000\Documents\Udacity\MeetUpPlanner\node_modules\gulp-gae\node_modules\through2\node_modules\readable-stream\node_modules\isarray
701 info build C:\Users\jepz2_000\Documents\Udacity\MeetUpPlanner\node_modules\gulp-gae\node_modules\through2\node_modules\readable-stream\node_modules\isarray
702 verbose linkStuff [ false,
702 verbose linkStuff   false,
702 verbose linkStuff   false,
702 verbose linkStuff   'C:\\Users\\jepz2_000\\Documents\\Udacity\\MeetUpPlanner\\node_modules\\gulp-gae\\node_modules\\through2\\node_modules\\readable-stream\\node_modules' ]
703 info linkStuff isarray@1.0.0
704 verbose linkBins isarray@1.0.0
705 verbose linkMans isarray@1.0.0
706 verbose rebuildBundles isarray@1.0.0
707 info install isarray@1.0.0
708 silly lockFile 11f1bf6a-stream-node-modules-core-util-is tar://C:\Users\jepz2_000\Documents\Udacity\MeetUpPlanner\node_modules\gulp-gae\node_modules\through2\node_modules\readable-stream\node_modules\core-util-is
709 silly lockFile 11f1bf6a-stream-node-modules-core-util-is tar://C:\Users\jepz2_000\Documents\Udacity\MeetUpPlanner\node_modules\gulp-gae\node_modules\through2\node_modules\readable-stream\node_modules\core-util-is
710 silly lockFile b57e3b9c-e-core-util-is-1-0-2-package-tgz tar://C:\Users\jepz2_000\AppData\Roaming\npm-cache\core-util-is\1.0.2\package.tgz
711 silly lockFile b57e3b9c-e-core-util-is-1-0-2-package-tgz tar://C:\Users\jepz2_000\AppData\Roaming\npm-cache\core-util-is\1.0.2\package.tgz
712 info postinstall isarray@1.0.0
713 info preinstall core-util-is@1.0.2
714 verbose readDependencies using package.json deps
715 verbose readDependencies using package.json deps
716 silly resolved []
717 verbose about to build C:\Users\jepz2_000\Documents\Udacity\MeetUpPlanner\node_modules\gulp-gae\node_modules\through2\node_modules\readable-stream\node_modules\core-util-is
718 info build C:\Users\jepz2_000\Documents\Udacity\MeetUpPlanner\node_modules\gulp-gae\node_modules\through2\node_modules\readable-stream\node_modules\core-util-is
719 verbose linkStuff [ false,
719 verbose linkStuff   false,
719 verbose linkStuff   false,
719 verbose linkStuff   'C:\\Users\\jepz2_000\\Documents\\Udacity\\MeetUpPlanner\\node_modules\\gulp-gae\\node_modules\\through2\\node_modules\\readable-stream\\node_modules' ]
720 info linkStuff core-util-is@1.0.2
721 verbose linkBins core-util-is@1.0.2
722 verbose linkMans core-util-is@1.0.2
723 verbose rebuildBundles core-util-is@1.0.2
724 info install core-util-is@1.0.2
725 info postinstall core-util-is@1.0.2
726 verbose about to build C:\Users\jepz2_000\Documents\Udacity\MeetUpPlanner\node_modules\gulp-gae\node_modules\through2\node_modules\readable-stream
727 info build C:\Users\jepz2_000\Documents\Udacity\MeetUpPlanner\node_modules\gulp-gae\node_modules\through2\node_modules\readable-stream
728 verbose linkStuff [ false,
728 verbose linkStuff   false,
728 verbose linkStuff   false,
728 verbose linkStuff   'C:\\Users\\jepz2_000\\Documents\\Udacity\\MeetUpPlanner\\node_modules\\gulp-gae\\node_modules\\through2\\node_modules' ]
729 info linkStuff readable-stream@2.0.6
730 verbose linkBins readable-stream@2.0.6
731 verbose linkMans readable-stream@2.0.6
732 verbose rebuildBundles readable-stream@2.0.6
733 verbose rebuildBundles [ 'core-util-is',
733 verbose rebuildBundles   'inherits',
733 verbose rebuildBundles   'isarray',
733 verbose rebuildBundles   'process-nextick-args',
733 verbose rebuildBundles   'string_decoder',
733 verbose rebuildBundles   'util-deprecate' ]
734 info install readable-stream@2.0.6
735 info postinstall readable-stream@2.0.6
736 verbose about to build C:\Users\jepz2_000\Documents\Udacity\MeetUpPlanner\node_modules\gulp-gae\node_modules\through2
737 info build C:\Users\jepz2_000\Documents\Udacity\MeetUpPlanner\node_modules\gulp-gae\node_modules\through2
738 verbose linkStuff [ false,
738 verbose linkStuff   false,
738 verbose linkStuff   false,
738 verbose linkStuff   'C:\\Users\\jepz2_000\\Documents\\Udacity\\MeetUpPlanner\\node_modules\\gulp-gae\\node_modules' ]
739 info linkStuff through2@2.0.1
740 verbose linkBins through2@2.0.1
741 verbose linkMans through2@2.0.1
742 verbose rebuildBundles through2@2.0.1
743 verbose rebuildBundles [ 'readable-stream', 'xtend' ]
744 info install through2@2.0.1
745 info postinstall through2@2.0.1
746 verbose about to build C:\Users\jepz2_000\Documents\Udacity\MeetUpPlanner\node_modules\gulp-gae
747 info build C:\Users\jepz2_000\Documents\Udacity\MeetUpPlanner\node_modules\gulp-gae
748 verbose linkStuff [ false,
748 verbose linkStuff   false,
748 verbose linkStuff   false,
748 verbose linkStuff   'C:\\Users\\jepz2_000\\Documents\\Udacity\\MeetUpPlanner\\node_modules' ]
749 info linkStuff gulp-gae@0.0.4
750 verbose linkBins gulp-gae@0.0.4
751 verbose linkMans gulp-gae@0.0.4
752 verbose rebuildBundles gulp-gae@0.0.4
753 verbose rebuildBundles [ 'through2' ]
754 info install gulp-gae@0.0.4
755 info postinstall gulp-gae@0.0.4
756 error peerinvalid The package karma does not satisfy its siblings' peerDependencies requirements!
756 error peerinvalid Peer karma-phantomjs-launcher@1.0.0 wants karma@>=0.9
756 error peerinvalid Peer gulp-karma@0.0.4 wants karma@>=0.10 <=0.13
757 error System Windows_NT 6.2.9200
758 error command "C:\\Program Files\\nodejs\\\\node.exe" "C:\\Program Files\\nodejs\\node_modules\\npm\\bin\\npm-cli.js" "install" "gulp-gae" "--save-dev"
759 error cwd C:\Users\jepz2_000\Documents\Udacity\MeetUpPlanner
760 error node -v v0.10.34
761 error npm -v 1.4.28
762 error code EPEERINVALID
763 verbose exit [ 1, true ]
